CMIP/MIROC/MIROC-ES2L/historical/r4i1p1f2/Amon/ua/gn,noUse, 2: Server not responding for: https://esgf-data1.llnl.gov/thredds/fileServer/css03_data/CMIP6/CMIP/MIROC/MIROC-ES2L/historical/r4i1p1f2/Amon/ua/gn/v20200318/ua_Amon_MIROC-ES2L_historical_r4i1p1f2_gn_185001-201412.nc
CMIP/MIROC/MIROC-ES2L/historical/r7i1p1f2/Amon/va/gn,noUse, 2: Server not responding for: https://esgf-data1.llnl.gov/thredds/fileServer/css03_data/CMIP6/CMIP/MIROC/MIROC-ES2L/historical/r7i1p1f2/Amon/va/gn/v20200318/va_Amon_MIROC-ES2L_historical_r7i1p1f2_gn_185001-201412.nc
CMIP/NCC/NorESM2-LM/historical/r1i1p1f1/Amon/ta/gn,noUse, 2: Server not responding for: http://esgf-data3.diasjp.net/thredds/fileServer/esg_dataroot/CMIP6/CMIP/NCC/NorESM2-LM/historical/r1i1p1f1/Amon/ta/gn/v20190815/ta_Amon_NorESM2-LM_historical_r1i1p1f1_gn_185001-185912.nc
CMIP/NCAR/CESM2-WACCM-FV2/historical/r2i1p1f1/Amon/va/gn,noUse, 2: Server not responding for: http://esgf-data1.llnl.gov/thredds/fileServer/css03_data/CMIP6/CMIP/NCAR/CESM2-WACCM-FV2/historical/r2i1p1f1/Amon/va/gn/v20200226/va_Amon_CESM2-WACCM-FV2_historical_r2i1p1f1_gn_190001-194912.nc
CMIP/CCCma/CanESM5/historical/r35i1p2f1/Amon/va/gn,noUse, 2: Server not responding for: https://esgf-data1.llnl.gov/thredds/fileServer/css03_data/CMIP6/CMIP/CCCma/CanESM5/historical/r35i1p2f1/Amon/va/gn/v20190429/va_Amon_CanESM5_historical_r35i1p2f1_gn_185001-201412.nc
CMIP/CCCma/CanESM5/historical/r33i1p2f1/Amon/va/gn,noUse, 2: Server not responding for: https://esgf-data1.llnl.gov/thredds/fileServer/css03_data/CMIP6/CMIP/CCCma/CanESM5/historical/r33i1p2f1/Amon/va/gn/v20190429/va_Amon_CanESM5_historical_r33i1p2f1_gn_185001-201412.nc
CMIP/CCCma/CanESM5/historical/r34i1p2f1/Amon/va/gn,noUse, 2: Server not responding for: https://esgf-data1.llnl.gov/thredds/fileServer/css03_data/CMIP6/CMIP/CCCma/CanESM5/historical/r34i1p2f1/Amon/va/gn/v20190429/va_Amon_CanESM5_historical_r34i1p2f1_gn_185001-201412.nc
CMIP/CCCma/CanESM5/historical/r29i1p2f1/Amon/va/gn,noUse, 2: Server not responding for: https://esgf-data1.llnl.gov/thredds/fileServer/css03_data/CMIP6/CMIP/CCCma/CanESM5/historical/r29i1p2f1/Amon/va/gn/v20190429/va_Amon_CanESM5_historical_r29i1p2f1_gn_185001-201412.nc
CMIP/CCCma/CanESM5/historical/r37i1p2f1/Amon/va/gn,noUse, 2: Server not responding for: https://esgf-data1.llnl.gov/thredds/fileServer/css03_data/CMIP6/CMIP/CCCma/CanESM5/historical/r37i1p2f1/Amon/va/gn/v20190429/va_Amon_CanESM5_historical_r37i1p2f1_gn_185001-201412.nc
CMIP/CCCma/CanESM5/historical/r40i1p2f1/Amon/va/gn,noUse, 2: Server not responding for: https://esgf-data1.llnl.gov/thredds/fileServer/css03_data/CMIP6/CMIP/CCCma/CanESM5/historical/r40i1p2f1/Amon/va/gn/v20190429/va_Amon_CanESM5_historical_r40i1p2f1_gn_185001-201412.nc
CMIP/CCCma/CanESM5/historical/r38i1p2f1/Amon/va/gn,noUse, 2: Server not responding for: https://esgf-data1.llnl.gov/thredds/fileServer/css03_data/CMIP6/CMIP/CCCma/CanESM5/historical/r38i1p2f1/Amon/va/gn/v20190429/va_Amon_CanESM5_historical_r38i1p2f1_gn_185001-201412.nc
CMIP/CCCma/CanESM5/historical/r26i1p2f1/Amon/va/gn,noUse, 2: Server not responding for: https://esgf-data1.llnl.gov/thredds/fileServer/css03_data/CMIP6/CMIP/CCCma/CanESM5/historical/r26i1p2f1/Amon/va/gn/v20190429/va_Amon_CanESM5_historical_r26i1p2f1_gn_185001-201412.nc
CMIP/NCC/NorCPM1/historical/r25i1p1f1/Amon/ta/gn,noUse, 2: Server not responding for: https://esgf-data1.llnl.gov/thredds/fileServer/css03_data/CMIP6/CMIP/NCC/NorCPM1/historical/r25i1p1f1/Amon/ta/gn/v20200724/ta_Amon_NorCPM1_historical_r25i1p1f1_gn_185001-201412.nc
CMIP/NCC/NorCPM1/historical/r5i1p1f1/Amon/ta/gn,noUse, 2: Server not responding for: https://esgf-data1.llnl.gov/thredds/fileServer/css03_data/CMIP6/CMIP/NCC/NorCPM1/historical/r5i1p1f1/Amon/ta/gn/v20200724/ta_Amon_NorCPM1_historical_r5i1p1f1_gn_185001-201412.nc
CMIP/NCC/NorCPM1/historical/r15i1p1f1/Amon/ta/gn,noUse, 2: Server not responding for: https://esgf-data1.llnl.gov/thredds/fileServer/css03_data/CMIP6/CMIP/NCC/NorCPM1/historical/r15i1p1f1/Amon/ta/gn/v20200724/ta_Amon_NorCPM1_historical_r15i1p1f1_gn_185001-201412.nc
CMIP/NCC/NorCPM1/historical/r20i1p1f1/Amon/ta/gn,noUse, 2: Server not responding for: https://esgf-data1.llnl.gov/thredds/fileServer/css03_data/CMIP6/CMIP/NCC/NorCPM1/historical/r20i1p1f1/Amon/ta/gn/v20200724/ta_Amon_NorCPM1_historical_r20i1p1f1_gn_185001-201412.nc
CMIP/NCC/NorCPM1/historical/r19i1p1f1/Amon/ta/gn,noUse, 2: Server not responding for: https://esgf-data1.llnl.gov/thredds/fileServer/css03_data/CMIP6/CMIP/NCC/NorCPM1/historical/r19i1p1f1/Amon/ta/gn/v20200724/ta_Amon_NorCPM1_historical_r19i1p1f1_gn_185001-201412.nc
CMIP/NCC/NorCPM1/historical/r13i1p1f1/Amon/ta/gn,noUse, 2: Server not responding for: https://esgf-data1.llnl.gov/thredds/fileServer/css03_data/CMIP6/CMIP/NCC/NorCPM1/historical/r13i1p1f1/Amon/ta/gn/v20200724/ta_Amon_NorCPM1_historical_r13i1p1f1_gn_185001-201412.nc
CMIP/CCCma/CanESM5/historical/r35i1p2f1/Amon/va/gn,noUse, 2: Server not responding for: https://esgf-data1.llnl.gov/thredds/fileServer/css03_data/CMIP6/CMIP/CCCma/CanESM5/historical/r35i1p2f1/Amon/va/gn/v20190429/va_Amon_CanESM5_historical_r35i1p2f1_gn_185001-201412.nc
CMIP/NCC/NorCPM1/historical/r7i1p1f1/Amon/ua/gn,noUse, 2: Server not responding for: http://esgf-data1.llnl.gov/thredds/fileServer/css03_data/CMIP6/CMIP/NCC/NorCPM1/historical/r7i1p1f1/Amon/ua/gn/v20190914/ua_Amon_NorCPM1_historical_r7i1p1f1_gn_201901-202912.nc
CMIP/INM/INM-CM5-0/historical/r1i1p1f1/Amon/ta/gr1,noUse, 2: Server not responding for: http://esgf-data3.diasjp.net/thredds/fileServer/esg_dataroot/CMIP6/CMIP/INM/INM-CM5-0/historical/r1i1p1f1/Amon/ta/gr1/v20190610/ta_Amon_INM-CM5-0_historical_r1i1p1f1_gr1_185001-185912.nc
CMIP/CCCR-IITM/IITM-ESM/historical/r1i1p1f1/Amon/ta/gn,noUse, 2: Server not responding for: http://esgf-data3.diasjp.net/thredds/fileServer/esg_dataroot/CMIP6/CMIP/CCCR-IITM/IITM-ESM/historical/r1i1p1f1/Amon/ta/gn/v20191226/ta_Amon_IITM-ESM_historical_r1i1p1f1_gn_185001-185912.nc
CMIP/INM/INM-CM5-0/historical/r1i1p1f1/Amon/ua/gr1,noUse, 2: Server not responding for: http://esgf-data3.diasjp.net/thredds/fileServer/esg_dataroot/CMIP6/CMIP/INM/INM-CM5-0/historical/r1i1p1f1/Amon/ua/gr1/v20190610/ua_Amon_INM-CM5-0_historical_r1i1p1f1_gr1_188001-188912.nc
CMIP/INM/INM-CM5-0/historical/r2i1p1f1/Amon/ta/gr1,noUse, 2: Server not responding for: http://esgf-data3.diasjp.net/thredds/fileServer/esg_dataroot/CMIP6/CMIP/INM/INM-CM5-0/historical/r2i1p1f1/Amon/ta/gr1/v20190704/ta_Amon_INM-CM5-0_historical_r2i1p1f1_gr1_185001-185912.nc
CMIP/CCCR-IITM/IITM-ESM/historical/r1i1p1f1/Amon/ua/gn,noUse, 2: Server not responding for: http://esgf-data3.diasjp.net/thredds/fileServer/esg_dataroot/CMIP6/CMIP/CCCR-IITM/IITM-ESM/historical/r1i1p1f1/Amon/ua/gn/v20191226/ua_Amon_IITM-ESM_historical_r1i1p1f1_gn_186001-186912.nc
CMIP/INM/INM-CM5-0/historical/r1i1p1f1/Amon/va/gr1,noUse, 2: Server not responding for: http://esgf-data3.diasjp.net/thredds/fileServer/esg_dataroot/CMIP6/CMIP/INM/INM-CM5-0/historical/r1i1p1f1/Amon/va/gr1/v20190610/va_Amon_INM-CM5-0_historical_r1i1p1f1_gr1_186001-186912.nc
CMIP/INM/INM-CM5-0/historical/r2i1p1f1/Amon/va/gr1,noUse, 3: netcdf download not complete
CMIP/CSIRO/ACCESS-ESM1-5/historical/r14i1p1f1/Amon/hus/gn,noUse, 2: Server not responding for: https://esgf-data1.llnl.gov/thredds/fileServer/css03_data/CMIP6/CMIP/CSIRO/ACCESS-ESM1-5/historical/r14i1p1f1/Amon/hus/gn/v20200803/hus_Amon_ACCESS-ESM1-5_historical_r14i1p1f1_gn_195001-201412.nc
CMIP/CSIRO/ACCESS-ESM1-5/historical/r19i1p1f1/Amon/hus/gn,noUse, 2: Server not responding for: https://esgf-data1.llnl.gov/thredds/fileServer/css03_data/CMIP6/CMIP/CSIRO/ACCESS-ESM1-5/historical/r19i1p1f1/Amon/hus/gn/v20200803/hus_Amon_ACCESS-ESM1-5_historical_r19i1p1f1_gn_185001-194912.nc
CMIP/MIROC/MIROC6/historical/r36i1p1f1/Amon/ua/gn,noUse, 2: Server not responding for: https://esgf-data1.llnl.gov/thredds/fileServer/css03_data/CMIP6/CMIP/MIROC/MIROC6/historical/r36i1p1f1/Amon/ua/gn/v20200519/ua_Amon_MIROC6_historical_r36i1p1f1_gn_185001-185912.nc
CMIP/MIROC/MIROC6/historical/r40i1p1f1/Amon/ua/gn,noUse, 2: Server not responding for: https://esgf-data1.llnl.gov/thredds/fileServer/css03_data/CMIP6/CMIP/MIROC/MIROC6/historical/r40i1p1f1/Amon/ua/gn/v20200519/ua_Amon_MIROC6_historical_r40i1p1f1_gn_185001-185912.nc
CMIP/MIROC/MIROC6/historical/r35i1p1f1/Amon/ua/gn,noUse, 2: Server not responding for: https://esgf-data1.llnl.gov/thredds/fileServer/css03_data/CMIP6/CMIP/MIROC/MIROC6/historical/r35i1p1f1/Amon/ua/gn/v20200519/ua_Amon_MIROC6_historical_r35i1p1f1_gn_185001-185912.nc
CMIP/MIROC/MIROC6/historical/r20i1p1f1/Amon/ua/gn,noUse, 2: Server not responding for: https://esgf-data1.llnl.gov/thredds/fileServer/css03_data/CMIP6/CMIP/MIROC/MIROC6/historical/r20i1p1f1/Amon/ua/gn/v20200519/ua_Amon_MIROC6_historical_r20i1p1f1_gn_185001-185912.nc
CMIP/MIROC/MIROC6/historical/r46i1p1f1/Amon/ua/gn,noUse, 2: Server not responding for: https://esgf-data1.llnl.gov/thredds/fileServer/css03_data/CMIP6/CMIP/MIROC/MIROC6/historical/r46i1p1f1/Amon/ua/gn/v20200519/ua_Amon_MIROC6_historical_r46i1p1f1_gn_185001-185912.nc
CMIP/MIROC/MIROC6/historical/r24i1p1f1/Amon/ua/gn,noUse, 2: Server not responding for: https://esgf-data1.llnl.gov/thredds/fileServer/css03_data/CMIP6/CMIP/MIROC/MIROC6/historical/r24i1p1f1/Amon/ua/gn/v20200519/ua_Amon_MIROC6_historical_r24i1p1f1_gn_185001-185912.nc
CMIP/MIROC/MIROC6/historical/r47i1p1f1/Amon/ua/gn,noUse, 2: Server not responding for: https://esgf-data1.llnl.gov/thredds/fileServer/css03_data/CMIP6/CMIP/MIROC/MIROC6/historical/r47i1p1f1/Amon/ua/gn/v20200519/ua_Amon_MIROC6_historical_r47i1p1f1_gn_185001-185912.nc
CMIP/MIROC/MIROC6/historical/r32i1p1f1/Amon/ua/gn,noUse, 2: Server not responding for: https://esgf-data1.llnl.gov/thredds/fileServer/css03_data/CMIP6/CMIP/MIROC/MIROC6/historical/r32i1p1f1/Amon/ua/gn/v20200519/ua_Amon_MIROC6_historical_r32i1p1f1_gn_185001-185912.nc
CMIP/MIROC/MIROC6/historical/r17i1p1f1/Amon/ua/gn,noUse, 2: Server not responding for: https://esgf-data1.llnl.gov/thredds/fileServer/css03_data/CMIP6/CMIP/MIROC/MIROC6/historical/r17i1p1f1/Amon/ua/gn/v20200519/ua_Amon_MIROC6_historical_r17i1p1f1_gn_185001-185912.nc
CMIP/MIROC/MIROC6/historical/r11i1p1f1/Amon/ua/gn,noUse, 2: Server not responding for: https://esgf-data1.llnl.gov/thredds/fileServer/css03_data/CMIP6/CMIP/MIROC/MIROC6/historical/r11i1p1f1/Amon/ua/gn/v20200519/ua_Amon_MIROC6_historical_r11i1p1f1_gn_185001-185912.nc
CMIP/MIROC/MIROC6/historical/r37i1p1f1/Amon/ua/gn,noUse, 2: Server not responding for: https://esgf-data1.llnl.gov/thredds/fileServer/css03_data/CMIP6/CMIP/MIROC/MIROC6/historical/r37i1p1f1/Amon/ua/gn/v20200519/ua_Amon_MIROC6_historical_r37i1p1f1_gn_185001-185912.nc
CMIP/MIROC/MIROC6/historical/r41i1p1f1/Amon/ua/gn,noUse, 2: Server not responding for: https://esgf-data1.llnl.gov/thredds/fileServer/css03_data/CMIP6/CMIP/MIROC/MIROC6/historical/r41i1p1f1/Amon/ua/gn/v20200519/ua_Amon_MIROC6_historical_r41i1p1f1_gn_185001-185912.nc
CMIP/MIROC/MIROC6/historical/r12i1p1f1/Amon/ua/gn,noUse, 2: Server not responding for: https://esgf-data1.llnl.gov/thredds/fileServer/css03_data/CMIP6/CMIP/MIROC/MIROC6/historical/r12i1p1f1/Amon/ua/gn/v20200519/ua_Amon_MIROC6_historical_r12i1p1f1_gn_185001-185912.nc
CMIP/MIROC/MIROC6/historical/r16i1p1f1/Amon/ua/gn,noUse, 2: Server not responding for: https://esgf-data1.llnl.gov/thredds/fileServer/css03_data/CMIP6/CMIP/MIROC/MIROC6/historical/r16i1p1f1/Amon/ua/gn/v20200519/ua_Amon_MIROC6_historical_r16i1p1f1_gn_185001-185912.nc
CMIP/MIROC/MIROC6/historical/r31i1p1f1/Amon/ua/gn,noUse, 2: Server not responding for: https://esgf-data1.llnl.gov/thredds/fileServer/css03_data/CMIP6/CMIP/MIROC/MIROC6/historical/r31i1p1f1/Amon/ua/gn/v20200519/ua_Amon_MIROC6_historical_r31i1p1f1_gn_185001-185912.nc
CMIP/MIROC/MIROC6/historical/r50i1p1f1/Amon/ua/gn,noUse, 2: Server not responding for: https://esgf-data1.llnl.gov/thredds/fileServer/css03_data/CMIP6/CMIP/MIROC/MIROC6/historical/r50i1p1f1/Amon/ua/gn/v20200519/ua_Amon_MIROC6_historical_r50i1p1f1_gn_185001-185912.nc
CMIP/MIROC/MIROC6/historical/r27i1p1f1/Amon/ua/gn,noUse, 2: Server not responding for: https://esgf-data1.llnl.gov/thredds/fileServer/css03_data/CMIP6/CMIP/MIROC/MIROC6/historical/r27i1p1f1/Amon/ua/gn/v20200519/ua_Amon_MIROC6_historical_r27i1p1f1_gn_185001-185912.nc
CMIP/MIROC/MIROC6/historical/r48i1p1f1/Amon/ua/gn,noUse, 2: Server not responding for: https://esgf-data1.llnl.gov/thredds/fileServer/css03_data/CMIP6/CMIP/MIROC/MIROC6/historical/r48i1p1f1/Amon/ua/gn/v20200519/ua_Amon_MIROC6_historical_r48i1p1f1_gn_185001-185912.nc
CMIP/MIROC/MIROC6/historical/r30i1p1f1/Amon/ua/gn,noUse, 2: Server not responding for: https://esgf-data1.llnl.gov/thredds/fileServer/css03_data/CMIP6/CMIP/MIROC/MIROC6/historical/r30i1p1f1/Amon/ua/gn/v20200519/ua_Amon_MIROC6_historical_r30i1p1f1_gn_185001-185912.nc
CMIP/MIROC/MIROC6/historical/r29i1p1f1/Amon/ua/gn,noUse, 2: Server not responding for: https://esgf-data1.llnl.gov/thredds/fileServer/css03_data/CMIP6/CMIP/MIROC/MIROC6/historical/r29i1p1f1/Amon/ua/gn/v20200519/ua_Amon_MIROC6_historical_r29i1p1f1_gn_185001-185912.nc
CMIP/MIROC/MIROC6/historical/r33i1p1f1/Amon/ua/gn,noUse, 2: Server not responding for: https://esgf-data1.llnl.gov/thredds/fileServer/css03_data/CMIP6/CMIP/MIROC/MIROC6/historical/r33i1p1f1/Amon/ua/gn/v20200519/ua_Amon_MIROC6_historical_r33i1p1f1_gn_185001-185912.nc
CMIP/MIROC/MIROC6/historical/r44i1p1f1/Amon/ua/gn,noUse, 2: Server not responding for: https://esgf-data1.llnl.gov/thredds/fileServer/css03_data/CMIP6/CMIP/MIROC/MIROC6/historical/r44i1p1f1/Amon/ua/gn/v20200519/ua_Amon_MIROC6_historical_r44i1p1f1_gn_185001-185912.nc
CMIP/MIROC/MIROC6/historical/r39i1p1f1/Amon/ua/gn,noUse, 2: Server not responding for: https://esgf-data1.llnl.gov/thredds/fileServer/css03_data/CMIP6/CMIP/MIROC/MIROC6/historical/r39i1p1f1/Amon/ua/gn/v20200519/ua_Amon_MIROC6_historical_r39i1p1f1_gn_185001-185912.nc
CMIP/MIROC/MIROC6/historical/r23i1p1f1/Amon/ua/gn,noUse, 2: Server not responding for: https://esgf-data1.llnl.gov/thredds/fileServer/css03_data/CMIP6/CMIP/MIROC/MIROC6/historical/r23i1p1f1/Amon/ua/gn/v20200519/ua_Amon_MIROC6_historical_r23i1p1f1_gn_185001-185912.nc
CMIP/MIROC/MIROC6/historical/r26i1p1f1/Amon/ua/gn,noUse, 2: Server not responding for: https://esgf-data1.llnl.gov/thredds/fileServer/css03_data/CMIP6/CMIP/MIROC/MIROC6/historical/r26i1p1f1/Amon/ua/gn/v20200519/ua_Amon_MIROC6_historical_r26i1p1f1_gn_185001-185912.nc
CMIP/MIROC/MIROC6/historical/r38i1p1f1/Amon/ua/gn,noUse, 2: Server not responding for: https://esgf-data1.llnl.gov/thredds/fileServer/css03_data/CMIP6/CMIP/MIROC/MIROC6/historical/r38i1p1f1/Amon/ua/gn/v20200519/ua_Amon_MIROC6_historical_r38i1p1f1_gn_185001-185912.nc
CMIP/MIROC/MIROC6/historical/r49i1p1f1/Amon/ua/gn,noUse, 2: Server not responding for: https://esgf-data1.llnl.gov/thredds/fileServer/css03_data/CMIP6/CMIP/MIROC/MIROC6/historical/r49i1p1f1/Amon/ua/gn/v20200519/ua_Amon_MIROC6_historical_r49i1p1f1_gn_185001-185912.nc
CMIP/MIROC/MIROC6/historical/r15i1p1f1/Amon/ua/gn,noUse, 2: Server not responding for: https://esgf-data1.llnl.gov/thredds/fileServer/css03_data/CMIP6/CMIP/MIROC/MIROC6/historical/r15i1p1f1/Amon/ua/gn/v20200519/ua_Amon_MIROC6_historical_r15i1p1f1_gn_185001-185912.nc
CMIP/MIROC/MIROC6/historical/r43i1p1f1/Amon/ua/gn,noUse, 2: Server not responding for: https://esgf-data1.llnl.gov/thredds/fileServer/css03_data/CMIP6/CMIP/MIROC/MIROC6/historical/r43i1p1f1/Amon/ua/gn/v20200519/ua_Amon_MIROC6_historical_r43i1p1f1_gn_185001-185912.nc
CMIP/MIROC/MIROC6/historical/r18i1p1f1/Amon/ua/gn,noUse, 2: Server not responding for: https://esgf-data1.llnl.gov/thredds/fileServer/css03_data/CMIP6/CMIP/MIROC/MIROC6/historical/r18i1p1f1/Amon/ua/gn/v20200519/ua_Amon_MIROC6_historical_r18i1p1f1_gn_185001-185912.nc
CMIP/MIROC/MIROC6/historical/r34i1p1f1/Amon/ua/gn,noUse, 2: Server not responding for: https://esgf-data1.llnl.gov/thredds/fileServer/css03_data/CMIP6/CMIP/MIROC/MIROC6/historical/r34i1p1f1/Amon/ua/gn/v20200519/ua_Amon_MIROC6_historical_r34i1p1f1_gn_185001-185912.nc
CMIP/MIROC/MIROC6/historical/r19i1p1f1/Amon/ua/gn,noUse, 2: Server not responding for: https://esgf-data1.llnl.gov/thredds/fileServer/css03_data/CMIP6/CMIP/MIROC/MIROC6/historical/r19i1p1f1/Amon/ua/gn/v20200519/ua_Amon_MIROC6_historical_r19i1p1f1_gn_185001-185912.nc
CMIP/MIROC/MIROC6/historical/r25i1p1f1/Amon/ua/gn,noUse, 2: Server not responding for: https://esgf-data1.llnl.gov/thredds/fileServer/css03_data/CMIP6/CMIP/MIROC/MIROC6/historical/r25i1p1f1/Amon/ua/gn/v20200519/ua_Amon_MIROC6_historical_r25i1p1f1_gn_185001-185912.nc
CMIP/MIROC/MIROC6/historical/r14i1p1f1/Amon/ua/gn,noUse, 2: Server not responding for: https://esgf-data1.llnl.gov/thredds/fileServer/css03_data/CMIP6/CMIP/MIROC/MIROC6/historical/r14i1p1f1/Amon/ua/gn/v20200519/ua_Amon_MIROC6_historical_r14i1p1f1_gn_185001-185912.nc
CMIP/MIROC/MIROC6/historical/r42i1p1f1/Amon/ua/gn,noUse, 2: Server not responding for: https://esgf-data1.llnl.gov/thredds/fileServer/css03_data/CMIP6/CMIP/MIROC/MIROC6/historical/r42i1p1f1/Amon/ua/gn/v20200519/ua_Amon_MIROC6_historical_r42i1p1f1_gn_185001-185912.nc
CMIP/MIROC/MIROC6/historical/r28i1p1f1/Amon/ua/gn,noUse, 2: Server not responding for: https://esgf-data1.llnl.gov/thredds/fileServer/css03_data/CMIP6/CMIP/MIROC/MIROC6/historical/r28i1p1f1/Amon/ua/gn/v20200519/ua_Amon_MIROC6_historical_r28i1p1f1_gn_185001-185912.nc
CMIP/MIROC/MIROC6/historical/r22i1p1f1/Amon/ua/gn,noUse, 2: Server not responding for: https://esgf-data1.llnl.gov/thredds/fileServer/css03_data/CMIP6/CMIP/MIROC/MIROC6/historical/r22i1p1f1/Amon/ua/gn/v20200519/ua_Amon_MIROC6_historical_r22i1p1f1_gn_185001-185912.nc
CMIP/MIROC/MIROC6/historical/r21i1p1f1/Amon/ua/gn,noUse, 2: Server not responding for: https://esgf-data1.llnl.gov/thredds/fileServer/css03_data/CMIP6/CMIP/MIROC/MIROC6/historical/r21i1p1f1/Amon/ua/gn/v20200519/ua_Amon_MIROC6_historical_r21i1p1f1_gn_185001-185912.nc
CMIP/MIROC/MIROC6/historical/r13i1p1f1/Amon/ua/gn,noUse, 2: Server not responding for: https://esgf-data1.llnl.gov/thredds/fileServer/css03_data/CMIP6/CMIP/MIROC/MIROC6/historical/r13i1p1f1/Amon/ua/gn/v20200519/ua_Amon_MIROC6_historical_r13i1p1f1_gn_185001-185912.nc
CMIP/MIROC/MIROC6/historical/r45i1p1f1/Amon/ua/gn,noUse, 2: Server not responding for: https://esgf-data1.llnl.gov/thredds/fileServer/css03_data/CMIP6/CMIP/MIROC/MIROC6/historical/r45i1p1f1/Amon/ua/gn/v20200519/ua_Amon_MIROC6_historical_r45i1p1f1_gn_185001-185912.nc
CMIP/CSIRO/ACCESS-ESM1-5/historical/r8i1p1f1/Amon/ua/gn,noUse, 2: Server not responding for: https://esgf-data1.llnl.gov/thredds/fileServer/css03_data/CMIP6/CMIP/CSIRO/ACCESS-ESM1-5/historical/r8i1p1f1/Amon/ua/gn/v20200529/ua_Amon_ACCESS-ESM1-5_historical_r8i1p1f1_gn_185001-194912.nc
CMIP/CSIRO/ACCESS-ESM1-5/historical/r7i1p1f1/Amon/ua/gn,noUse, 2: Server not responding for: https://esgf-data1.llnl.gov/thredds/fileServer/css03_data/CMIP6/CMIP/CSIRO/ACCESS-ESM1-5/historical/r7i1p1f1/Amon/ua/gn/v20200529/ua_Amon_ACCESS-ESM1-5_historical_r7i1p1f1_gn_185001-194912.nc
CMIP/CSIRO/ACCESS-ESM1-5/historical/r18i1p1f1/Amon/ua/gn,noUse, 2: Server not responding for: https://esgf-data1.llnl.gov/thredds/fileServer/css03_data/CMIP6/CMIP/CSIRO/ACCESS-ESM1-5/historical/r18i1p1f1/Amon/ua/gn/v20200803/ua_Amon_ACCESS-ESM1-5_historical_r18i1p1f1_gn_185001-194912.nc
CMIP/CSIRO/ACCESS-ESM1-5/historical/r13i1p1f1/Amon/ua/gn,noUse, 2: Server not responding for: https://esgf-data1.llnl.gov/thredds/fileServer/css03_data/CMIP6/CMIP/CSIRO/ACCESS-ESM1-5/historical/r13i1p1f1/Amon/ua/gn/v20200803/ua_Amon_ACCESS-ESM1-5_historical_r13i1p1f1_gn_185001-194912.nc
CMIP/CSIRO/ACCESS-ESM1-5/historical/r19i1p1f1/Amon/ua/gn,noUse, 2: Server not responding for: https://esgf-data1.llnl.gov/thredds/fileServer/css03_data/CMIP6/CMIP/CSIRO/ACCESS-ESM1-5/historical/r19i1p1f1/Amon/ua/gn/v20200803/ua_Amon_ACCESS-ESM1-5_historical_r19i1p1f1_gn_185001-194912.nc
CMIP/CSIRO/ACCESS-ESM1-5/historical/r5i1p1f1/Amon/ua/gn,noUse, 2: Server not responding for: https://esgf-data1.llnl.gov/thredds/fileServer/css03_data/CMIP6/CMIP/CSIRO/ACCESS-ESM1-5/historical/r5i1p1f1/Amon/ua/gn/v20200601/ua_Amon_ACCESS-ESM1-5_historical_r5i1p1f1_gn_185001-194912.nc
CMIP/CSIRO/ACCESS-ESM1-5/historical/r4i1p1f1/Amon/ua/gn,noUse, 2: Server not responding for: https://esgf-data1.llnl.gov/thredds/fileServer/css03_data/CMIP6/CMIP/CSIRO/ACCESS-ESM1-5/historical/r4i1p1f1/Amon/ua/gn/v20200529/ua_Amon_ACCESS-ESM1-5_historical_r4i1p1f1_gn_185001-194912.nc
CMIP/CSIRO/ACCESS-ESM1-5/historical/r11i1p1f1/Amon/ua/gn,noUse, 2: Server not responding for: https://esgf-data1.llnl.gov/thredds/fileServer/css03_data/CMIP6/CMIP/CSIRO/ACCESS-ESM1-5/historical/r11i1p1f1/Amon/ua/gn/v20200803/ua_Amon_ACCESS-ESM1-5_historical_r11i1p1f1_gn_185001-194912.nc
CMIP/CSIRO/ACCESS-ESM1-5/historical/r14i1p1f1/Amon/ua/gn,noUse, 2: Server not responding for: https://esgf-data1.llnl.gov/thredds/fileServer/css03_data/CMIP6/CMIP/CSIRO/ACCESS-ESM1-5/historical/r14i1p1f1/Amon/ua/gn/v20200803/ua_Amon_ACCESS-ESM1-5_historical_r14i1p1f1_gn_185001-194912.nc
CMIP/CSIRO/ACCESS-ESM1-5/historical/r15i1p1f1/Amon/ua/gn,noUse, 2: Server not responding for: https://esgf-data1.llnl.gov/thredds/fileServer/css03_data/CMIP6/CMIP/CSIRO/ACCESS-ESM1-5/historical/r15i1p1f1/Amon/ua/gn/v20200803/ua_Amon_ACCESS-ESM1-5_historical_r15i1p1f1_gn_185001-194912.nc
CMIP/CSIRO/ACCESS-ESM1-5/historical/r16i1p1f1/Amon/ua/gn,noUse, 2: Server not responding for: https://esgf-data1.llnl.gov/thredds/fileServer/css03_data/CMIP6/CMIP/CSIRO/ACCESS-ESM1-5/historical/r16i1p1f1/Amon/ua/gn/v20200803/ua_Amon_ACCESS-ESM1-5_historical_r16i1p1f1_gn_185001-194912.nc
CMIP/CSIRO/ACCESS-ESM1-5/historical/r12i1p1f1/Amon/ua/gn,noUse, 2: Server not responding for: https://esgf-data1.llnl.gov/thredds/fileServer/css03_data/CMIP6/CMIP/CSIRO/ACCESS-ESM1-5/historical/r12i1p1f1/Amon/ua/gn/v20200803/ua_Amon_ACCESS-ESM1-5_historical_r12i1p1f1_gn_185001-194912.nc
CMIP/CSIRO/ACCESS-ESM1-5/historical/r20i1p1f1/Amon/ua/gn,noUse, 2: Server not responding for: https://esgf-data1.llnl.gov/thredds/fileServer/css03_data/CMIP6/CMIP/CSIRO/ACCESS-ESM1-5/historical/r20i1p1f1/Amon/ua/gn/v20200803/ua_Amon_ACCESS-ESM1-5_historical_r20i1p1f1_gn_185001-194912.nc
CMIP/CSIRO/ACCESS-ESM1-5/historical/r17i1p1f1/Amon/ua/gn,noUse, 2: Server not responding for: https://esgf-data1.llnl.gov/thredds/fileServer/css03_data/CMIP6/CMIP/CSIRO/ACCESS-ESM1-5/historical/r17i1p1f1/Amon/ua/gn/v20200803/ua_Amon_ACCESS-ESM1-5_historical_r17i1p1f1_gn_185001-194912.nc
CMIP/CSIRO/ACCESS-ESM1-5/historical/r6i1p1f1/Amon/ua/gn,noUse, 2: Server not responding for: https://esgf-data1.llnl.gov/thredds/fileServer/css03_data/CMIP6/CMIP/CSIRO/ACCESS-ESM1-5/historical/r6i1p1f1/Amon/ua/gn/v20200529/ua_Amon_ACCESS-ESM1-5_historical_r6i1p1f1_gn_185001-194912.nc
CMIP/CSIRO/ACCESS-ESM1-5/historical/r9i1p1f1/Amon/ua/gn,noUse, 2: Server not responding for: https://esgf-data1.llnl.gov/thredds/fileServer/css03_data/CMIP6/CMIP/CSIRO/ACCESS-ESM1-5/historical/r9i1p1f1/Amon/ua/gn/v20200529/ua_Amon_ACCESS-ESM1-5_historical_r9i1p1f1_gn_185001-194912.nc
CMIP/CSIRO/ACCESS-ESM1-5/historical/r8i1p1f1/Amon/va/gn,noUse, 2: Server not responding for: https://esgf-data1.llnl.gov/thredds/fileServer/css03_data/CMIP6/CMIP/CSIRO/ACCESS-ESM1-5/historical/r8i1p1f1/Amon/va/gn/v20200529/va_Amon_ACCESS-ESM1-5_historical_r8i1p1f1_gn_185001-194912.nc
CMIP/CSIRO/ACCESS-ESM1-5/historical/r7i1p1f1/Amon/va/gn,noUse, 2: Server not responding for: https://esgf-data1.llnl.gov/thredds/fileServer/css03_data/CMIP6/CMIP/CSIRO/ACCESS-ESM1-5/historical/r7i1p1f1/Amon/va/gn/v20200529/va_Amon_ACCESS-ESM1-5_historical_r7i1p1f1_gn_185001-194912.nc
CMIP/CSIRO/ACCESS-ESM1-5/historical/r18i1p1f1/Amon/va/gn,noUse, 2: Server not responding for: https://esgf-data1.llnl.gov/thredds/fileServer/css03_data/CMIP6/CMIP/CSIRO/ACCESS-ESM1-5/historical/r18i1p1f1/Amon/va/gn/v20200803/va_Amon_ACCESS-ESM1-5_historical_r18i1p1f1_gn_185001-194912.nc
CMIP/CSIRO/ACCESS-ESM1-5/historical/r13i1p1f1/Amon/va/gn,noUse, 2: Server not responding for: https://esgf-data1.llnl.gov/thredds/fileServer/css03_data/CMIP6/CMIP/CSIRO/ACCESS-ESM1-5/historical/r13i1p1f1/Amon/va/gn/v20200803/va_Amon_ACCESS-ESM1-5_historical_r13i1p1f1_gn_185001-194912.nc
CMIP/CSIRO/ACCESS-ESM1-5/historical/r5i1p1f1/Amon/va/gn,noUse, 2: Server not responding for: https://esgf-data1.llnl.gov/thredds/fileServer/css03_data/CMIP6/CMIP/CSIRO/ACCESS-ESM1-5/historical/r5i1p1f1/Amon/va/gn/v20200601/va_Amon_ACCESS-ESM1-5_historical_r5i1p1f1_gn_185001-194912.nc
CMIP/CSIRO/ACCESS-ESM1-5/historical/r11i1p1f1/Amon/va/gn,noUse, 2: Server not responding for: https://esgf-data1.llnl.gov/thredds/fileServer/css03_data/CMIP6/CMIP/CSIRO/ACCESS-ESM1-5/historical/r11i1p1f1/Amon/va/gn/v20200803/va_Amon_ACCESS-ESM1-5_historical_r11i1p1f1_gn_185001-194912.nc
CMIP/CSIRO/ACCESS-ESM1-5/historical/r14i1p1f1/Amon/va/gn,noUse, 2: Server not responding for: https://esgf-data1.llnl.gov/thredds/fileServer/css03_data/CMIP6/CMIP/CSIRO/ACCESS-ESM1-5/historical/r14i1p1f1/Amon/va/gn/v20200803/va_Amon_ACCESS-ESM1-5_historical_r14i1p1f1_gn_185001-194912.nc
CMIP/CSIRO/ACCESS-ESM1-5/historical/r19i1p1f1/Amon/va/gn,noUse, 2: Server not responding for: https://esgf-data1.llnl.gov/thredds/fileServer/css03_data/CMIP6/CMIP/CSIRO/ACCESS-ESM1-5/historical/r19i1p1f1/Amon/va/gn/v20200803/va_Amon_ACCESS-ESM1-5_historical_r19i1p1f1_gn_185001-194912.nc
CMIP/CSIRO/ACCESS-ESM1-5/historical/r12i1p1f1/Amon/va/gn,noUse, 2: Server not responding for: https://esgf-data1.llnl.gov/thredds/fileServer/css03_data/CMIP6/CMIP/CSIRO/ACCESS-ESM1-5/historical/r12i1p1f1/Amon/va/gn/v20200803/va_Amon_ACCESS-ESM1-5_historical_r12i1p1f1_gn_185001-194912.nc
CMIP/CSIRO/ACCESS-ESM1-5/historical/r4i1p1f1/Amon/va/gn,noUse, 2: Server not responding for: https://esgf-data1.llnl.gov/thredds/fileServer/css03_data/CMIP6/CMIP/CSIRO/ACCESS-ESM1-5/historical/r4i1p1f1/Amon/va/gn/v20200529/va_Amon_ACCESS-ESM1-5_historical_r4i1p1f1_gn_185001-194912.nc
CMIP/CSIRO/ACCESS-ESM1-5/historical/r17i1p1f1/Amon/va/gn,noUse, 2: Server not responding for: https://esgf-data1.llnl.gov/thredds/fileServer/css03_data/CMIP6/CMIP/CSIRO/ACCESS-ESM1-5/historical/r17i1p1f1/Amon/va/gn/v20200803/va_Amon_ACCESS-ESM1-5_historical_r17i1p1f1_gn_185001-194912.nc
CMIP/CSIRO/ACCESS-ESM1-5/historical/r15i1p1f1/Amon/va/gn,noUse, 2: Server not responding for: https://esgf-data1.llnl.gov/thredds/fileServer/css03_data/CMIP6/CMIP/CSIRO/ACCESS-ESM1-5/historical/r15i1p1f1/Amon/va/gn/v20200803/va_Amon_ACCESS-ESM1-5_historical_r15i1p1f1_gn_185001-194912.nc
CMIP/CSIRO/ACCESS-ESM1-5/historical/r16i1p1f1/Amon/va/gn,noUse, 2: Server not responding for: https://esgf-data1.llnl.gov/thredds/fileServer/css03_data/CMIP6/CMIP/CSIRO/ACCESS-ESM1-5/historical/r16i1p1f1/Amon/va/gn/v20200803/va_Amon_ACCESS-ESM1-5_historical_r16i1p1f1_gn_185001-194912.nc
CMIP/CSIRO/ACCESS-ESM1-5/historical/r6i1p1f1/Amon/va/gn,noUse, 2: Server not responding for: https://esgf-data1.llnl.gov/thredds/fileServer/css03_data/CMIP6/CMIP/CSIRO/ACCESS-ESM1-5/historical/r6i1p1f1/Amon/va/gn/v20200529/va_Amon_ACCESS-ESM1-5_historical_r6i1p1f1_gn_185001-194912.nc
CMIP/CSIRO/ACCESS-ESM1-5/historical/r20i1p1f1/Amon/va/gn,noUse, 2: Server not responding for: https://esgf-data1.llnl.gov/thredds/fileServer/css03_data/CMIP6/CMIP/CSIRO/ACCESS-ESM1-5/historical/r20i1p1f1/Amon/va/gn/v20200803/va_Amon_ACCESS-ESM1-5_historical_r20i1p1f1_gn_185001-194912.nc
CMIP/CSIRO/ACCESS-ESM1-5/historical/r9i1p1f1/Amon/va/gn,noUse, 2: Server not responding for: https://esgf-data1.llnl.gov/thredds/fileServer/css03_data/CMIP6/CMIP/CSIRO/ACCESS-ESM1-5/historical/r9i1p1f1/Amon/va/gn/v20200529/va_Amon_ACCESS-ESM1-5_historical_r9i1p1f1_gn_185001-194912.nc
CMIP/MIROC/MIROC6/historical/r45i1p1f1/Amon/va/gn,noUse, 2: Server not responding for: https://esgf-data1.llnl.gov/thredds/fileServer/css03_data/CMIP6/CMIP/MIROC/MIROC6/historical/r45i1p1f1/Amon/va/gn/v20200519/va_Amon_MIROC6_historical_r45i1p1f1_gn_185001-185912.nc
CMIP/MIROC/MIROC6/historical/r29i1p1f1/Amon/va/gn,noUse, 2: Server not responding for: https://esgf-data1.llnl.gov/thredds/fileServer/css03_data/CMIP6/CMIP/MIROC/MIROC6/historical/r29i1p1f1/Amon/va/gn/v20200519/va_Amon_MIROC6_historical_r29i1p1f1_gn_185001-185912.nc
CMIP/MIROC/MIROC6/historical/r37i1p1f1/Amon/va/gn,noUse, 2: Server not responding for: https://esgf-data1.llnl.gov/thredds/fileServer/css03_data/CMIP6/CMIP/MIROC/MIROC6/historical/r37i1p1f1/Amon/va/gn/v20200519/va_Amon_MIROC6_historical_r37i1p1f1_gn_185001-185912.nc
CMIP/MIROC/MIROC6/historical/r26i1p1f1/Amon/va/gn,noUse, 2: Server not responding for: https://esgf-data1.llnl.gov/thredds/fileServer/css03_data/CMIP6/CMIP/MIROC/MIROC6/historical/r26i1p1f1/Amon/va/gn/v20200519/va_Amon_MIROC6_historical_r26i1p1f1_gn_185001-185912.nc
CMIP/MIROC/MIROC6/historical/r19i1p1f1/Amon/va/gn,noUse, 2: Server not responding for: https://esgf-data1.llnl.gov/thredds/fileServer/css03_data/CMIP6/CMIP/MIROC/MIROC6/historical/r19i1p1f1/Amon/va/gn/v20200519/va_Amon_MIROC6_historical_r19i1p1f1_gn_185001-185912.nc
CMIP/MIROC/MIROC6/historical/r49i1p1f1/Amon/va/gn,noUse, 2: Server not responding for: https://esgf-data1.llnl.gov/thredds/fileServer/css03_data/CMIP6/CMIP/MIROC/MIROC6/historical/r49i1p1f1/Amon/va/gn/v20200519/va_Amon_MIROC6_historical_r49i1p1f1_gn_185001-185912.nc
CMIP/MIROC/MIROC6/historical/r20i1p1f1/Amon/va/gn,noUse, 2: Server not responding for: https://esgf-data1.llnl.gov/thredds/fileServer/css03_data/CMIP6/CMIP/MIROC/MIROC6/historical/r20i1p1f1/Amon/va/gn/v20200519/va_Amon_MIROC6_historical_r20i1p1f1_gn_185001-185912.nc
CMIP/MIROC/MIROC6/historical/r36i1p1f1/Amon/va/gn,noUse, 2: Server not responding for: https://esgf-data1.llnl.gov/thredds/fileServer/css03_data/CMIP6/CMIP/MIROC/MIROC6/historical/r36i1p1f1/Amon/va/gn/v20200519/va_Amon_MIROC6_historical_r36i1p1f1_gn_185001-185912.nc
CMIP/MIROC/MIROC6/historical/r33i1p1f1/Amon/va/gn,noUse, 2: Server not responding for: https://esgf-data1.llnl.gov/thredds/fileServer/css03_data/CMIP6/CMIP/MIROC/MIROC6/historical/r33i1p1f1/Amon/va/gn/v20200519/va_Amon_MIROC6_historical_r33i1p1f1_gn_185001-185912.nc
CMIP/MIROC/MIROC6/historical/r32i1p1f1/Amon/va/gn,noUse, 2: Server not responding for: https://esgf-data1.llnl.gov/thredds/fileServer/css03_data/CMIP6/CMIP/MIROC/MIROC6/historical/r32i1p1f1/Amon/va/gn/v20200519/va_Amon_MIROC6_historical_r32i1p1f1_gn_185001-185912.nc
CMIP/MIROC/MIROC6/historical/r12i1p1f1/Amon/va/gn,noUse, 2: Server not responding for: https://esgf-data1.llnl.gov/thredds/fileServer/css03_data/CMIP6/CMIP/MIROC/MIROC6/historical/r12i1p1f1/Amon/va/gn/v20200519/va_Amon_MIROC6_historical_r12i1p1f1_gn_185001-185912.nc
CMIP/MIROC/MIROC6/historical/r30i1p1f1/Amon/va/gn,noUse, 2: Server not responding for: https://esgf-data1.llnl.gov/thredds/fileServer/css03_data/CMIP6/CMIP/MIROC/MIROC6/historical/r30i1p1f1/Amon/va/gn/v20200519/va_Amon_MIROC6_historical_r30i1p1f1_gn_185001-185912.nc
CMIP/MIROC/MIROC6/historical/r11i1p1f1/Amon/va/gn,noUse, 2: Server not responding for: https://esgf-data1.llnl.gov/thredds/fileServer/css03_data/CMIP6/CMIP/MIROC/MIROC6/historical/r11i1p1f1/Amon/va/gn/v20200519/va_Amon_MIROC6_historical_r11i1p1f1_gn_185001-185912.nc
CMIP/MIROC/MIROC6/historical/r28i1p1f1/Amon/va/gn,noUse, 2: Server not responding for: https://esgf-data1.llnl.gov/thredds/fileServer/css03_data/CMIP6/CMIP/MIROC/MIROC6/historical/r28i1p1f1/Amon/va/gn/v20200519/va_Amon_MIROC6_historical_r28i1p1f1_gn_185001-185912.nc
CMIP/MIROC/MIROC6/historical/r18i1p1f1/Amon/va/gn,noUse, 2: Server not responding for: https://esgf-data1.llnl.gov/thredds/fileServer/css03_data/CMIP6/CMIP/MIROC/MIROC6/historical/r18i1p1f1/Amon/va/gn/v20200519/va_Amon_MIROC6_historical_r18i1p1f1_gn_185001-185912.nc
CMIP/MIROC/MIROC6/historical/r24i1p1f1/Amon/va/gn,noUse, 2: Server not responding for: https://esgf-data1.llnl.gov/thredds/fileServer/css03_data/CMIP6/CMIP/MIROC/MIROC6/historical/r24i1p1f1/Amon/va/gn/v20200519/va_Amon_MIROC6_historical_r24i1p1f1_gn_185001-185912.nc
CMIP/MIROC/MIROC6/historical/r38i1p1f1/Amon/va/gn,noUse, 2: Server not responding for: https://esgf-data1.llnl.gov/thredds/fileServer/css03_data/CMIP6/CMIP/MIROC/MIROC6/historical/r38i1p1f1/Amon/va/gn/v20200519/va_Amon_MIROC6_historical_r38i1p1f1_gn_185001-185912.nc
CMIP/MIROC/MIROC6/historical/r35i1p1f1/Amon/va/gn,noUse, 2: Server not responding for: https://esgf-data1.llnl.gov/thredds/fileServer/css03_data/CMIP6/CMIP/MIROC/MIROC6/historical/r35i1p1f1/Amon/va/gn/v20200519/va_Amon_MIROC6_historical_r35i1p1f1_gn_185001-185912.nc
CMIP/MIROC/MIROC6/historical/r25i1p1f1/Amon/va/gn,noUse, 2: Server not responding for: https://esgf-data1.llnl.gov/thredds/fileServer/css03_data/CMIP6/CMIP/MIROC/MIROC6/historical/r25i1p1f1/Amon/va/gn/v20200519/va_Amon_MIROC6_historical_r25i1p1f1_gn_185001-185912.nc
CMIP/MIROC/MIROC6/historical/r43i1p1f1/Amon/va/gn,noUse, 2: Server not responding for: https://esgf-data1.llnl.gov/thredds/fileServer/css03_data/CMIP6/CMIP/MIROC/MIROC6/historical/r43i1p1f1/Amon/va/gn/v20200519/va_Amon_MIROC6_historical_r43i1p1f1_gn_185001-185912.nc
CMIP/MIROC/MIROC6/historical/r15i1p1f1/Amon/va/gn,noUse, 2: Server not responding for: https://esgf-data1.llnl.gov/thredds/fileServer/css03_data/CMIP6/CMIP/MIROC/MIROC6/historical/r15i1p1f1/Amon/va/gn/v20200519/va_Amon_MIROC6_historical_r15i1p1f1_gn_185001-185912.nc
CMIP/MIROC/MIROC6/historical/r27i1p1f1/Amon/va/gn,noUse, 2: Server not responding for: https://esgf-data1.llnl.gov/thredds/fileServer/css03_data/CMIP6/CMIP/MIROC/MIROC6/historical/r27i1p1f1/Amon/va/gn/v20200519/va_Amon_MIROC6_historical_r27i1p1f1_gn_185001-185912.nc
CMIP/MIROC/MIROC6/historical/r42i1p1f1/Amon/va/gn,noUse, 2: Server not responding for: https://esgf-data1.llnl.gov/thredds/fileServer/css03_data/CMIP6/CMIP/MIROC/MIROC6/historical/r42i1p1f1/Amon/va/gn/v20200519/va_Amon_MIROC6_historical_r42i1p1f1_gn_185001-185912.nc
CMIP/MIROC/MIROC6/historical/r50i1p1f1/Amon/va/gn,noUse, 2: Server not responding for: https://esgf-data1.llnl.gov/thredds/fileServer/css03_data/CMIP6/CMIP/MIROC/MIROC6/historical/r50i1p1f1/Amon/va/gn/v20200519/va_Amon_MIROC6_historical_r50i1p1f1_gn_185001-185912.nc
CMIP/MIROC/MIROC6/historical/r46i1p1f1/Amon/va/gn,noUse, 2: Server not responding for: https://esgf-data1.llnl.gov/thredds/fileServer/css03_data/CMIP6/CMIP/MIROC/MIROC6/historical/r46i1p1f1/Amon/va/gn/v20200519/va_Amon_MIROC6_historical_r46i1p1f1_gn_185001-185912.nc
CMIP/MIROC/MIROC6/historical/r31i1p1f1/Amon/va/gn,noUse, 2: Server not responding for: https://esgf-data1.llnl.gov/thredds/fileServer/css03_data/CMIP6/CMIP/MIROC/MIROC6/historical/r31i1p1f1/Amon/va/gn/v20200519/va_Amon_MIROC6_historical_r31i1p1f1_gn_185001-185912.nc
CMIP/MIROC/MIROC6/historical/r34i1p1f1/Amon/va/gn,noUse, 2: Server not responding for: https://esgf-data1.llnl.gov/thredds/fileServer/css03_data/CMIP6/CMIP/MIROC/MIROC6/historical/r34i1p1f1/Amon/va/gn/v20200519/va_Amon_MIROC6_historical_r34i1p1f1_gn_185001-185912.nc
CMIP/MIROC/MIROC6/historical/r14i1p1f1/Amon/va/gn,noUse, 2: Server not responding for: https://esgf-data1.llnl.gov/thredds/fileServer/css03_data/CMIP6/CMIP/MIROC/MIROC6/historical/r14i1p1f1/Amon/va/gn/v20200519/va_Amon_MIROC6_historical_r14i1p1f1_gn_185001-185912.nc
CMIP/MIROC/MIROC6/historical/r48i1p1f1/Amon/va/gn,noUse, 2: Server not responding for: https://esgf-data1.llnl.gov/thredds/fileServer/css03_data/CMIP6/CMIP/MIROC/MIROC6/historical/r48i1p1f1/Amon/va/gn/v20200519/va_Amon_MIROC6_historical_r48i1p1f1_gn_185001-185912.nc
CMIP/MIROC/MIROC6/historical/r22i1p1f1/Amon/va/gn,noUse, 2: Server not responding for: https://esgf-data1.llnl.gov/thredds/fileServer/css03_data/CMIP6/CMIP/MIROC/MIROC6/historical/r22i1p1f1/Amon/va/gn/v20200519/va_Amon_MIROC6_historical_r22i1p1f1_gn_185001-185912.nc
CMIP/MIROC/MIROC6/historical/r47i1p1f1/Amon/va/gn,noUse, 2: Server not responding for: https://esgf-data1.llnl.gov/thredds/fileServer/css03_data/CMIP6/CMIP/MIROC/MIROC6/historical/r47i1p1f1/Amon/va/gn/v20200519/va_Amon_MIROC6_historical_r47i1p1f1_gn_185001-185912.nc
CMIP/MIROC/MIROC6/historical/r23i1p1f1/Amon/va/gn,noUse, 2: Server not responding for: https://esgf-data1.llnl.gov/thredds/fileServer/css03_data/CMIP6/CMIP/MIROC/MIROC6/historical/r23i1p1f1/Amon/va/gn/v20200519/va_Amon_MIROC6_historical_r23i1p1f1_gn_185001-185912.nc
CMIP/MIROC/MIROC6/historical/r41i1p1f1/Amon/va/gn,noUse, 2: Server not responding for: https://esgf-data1.llnl.gov/thredds/fileServer/css03_data/CMIP6/CMIP/MIROC/MIROC6/historical/r41i1p1f1/Amon/va/gn/v20200519/va_Amon_MIROC6_historical_r41i1p1f1_gn_185001-185912.nc
CMIP/MIROC/MIROC6/historical/r16i1p1f1/Amon/va/gn,noUse, 2: Server not responding for: https://esgf-data1.llnl.gov/thredds/fileServer/css03_data/CMIP6/CMIP/MIROC/MIROC6/historical/r16i1p1f1/Amon/va/gn/v20200519/va_Amon_MIROC6_historical_r16i1p1f1_gn_185001-185912.nc
CMIP/MIROC/MIROC6/historical/r21i1p1f1/Amon/va/gn,noUse, 2: Server not responding for: https://esgf-data1.llnl.gov/thredds/fileServer/css03_data/CMIP6/CMIP/MIROC/MIROC6/historical/r21i1p1f1/Amon/va/gn/v20200519/va_Amon_MIROC6_historical_r21i1p1f1_gn_185001-185912.nc
CMIP/MIROC/MIROC6/historical/r44i1p1f1/Amon/va/gn,noUse, 2: Server not responding for: https://esgf-data1.llnl.gov/thredds/fileServer/css03_data/CMIP6/CMIP/MIROC/MIROC6/historical/r44i1p1f1/Amon/va/gn/v20200519/va_Amon_MIROC6_historical_r44i1p1f1_gn_185001-185912.nc
CMIP/MIROC/MIROC6/historical/r40i1p1f1/Amon/va/gn,noUse, 2: Server not responding for: https://esgf-data1.llnl.gov/thredds/fileServer/css03_data/CMIP6/CMIP/MIROC/MIROC6/historical/r40i1p1f1/Amon/va/gn/v20200519/va_Amon_MIROC6_historical_r40i1p1f1_gn_185001-185912.nc
CMIP/MIROC/MIROC6/historical/r17i1p1f1/Amon/va/gn,noUse, 2: Server not responding for: https://esgf-data1.llnl.gov/thredds/fileServer/css03_data/CMIP6/CMIP/MIROC/MIROC6/historical/r17i1p1f1/Amon/va/gn/v20200519/va_Amon_MIROC6_historical_r17i1p1f1_gn_185001-185912.nc
CMIP/MIROC/MIROC6/historical/r13i1p1f1/Amon/va/gn,noUse, 2: Server not responding for: https://esgf-data1.llnl.gov/thredds/fileServer/css03_data/CMIP6/CMIP/MIROC/MIROC6/historical/r13i1p1f1/Amon/va/gn/v20200519/va_Amon_MIROC6_historical_r13i1p1f1_gn_185001-185912.nc
CMIP/MIROC/MIROC6/historical/r39i1p1f1/Amon/va/gn,noUse, 2: Server not responding for: https://esgf-data1.llnl.gov/thredds/fileServer/css03_data/CMIP6/CMIP/MIROC/MIROC6/historical/r39i1p1f1/Amon/va/gn/v20200519/va_Amon_MIROC6_historical_r39i1p1f1_gn_185001-185912.nc
CMIP/MRI/MRI-ESM2-0/historical/r1i1000p1f1/Amon/ta/gn,noUse, 2: Server not responding for: https://esgf-data1.llnl.gov/thredds/fileServer/css03_data/CMIP6/CMIP/MRI/MRI-ESM2-0/historical/r1i1000p1f1/Amon/ta/gn/v20201029/ta_Amon_MRI-ESM2-0_historical_r1i1000p1f1_gn_185001-189912.nc
CMIP/EC-Earth-Consortium/EC-Earth3/historical/r132i1p1f1/Amon/ta/gr,noUse, 2: Server not responding for: https://esgf-data1.llnl.gov/thredds/fileServer/css03_data/CMIP6/CMIP/EC-Earth-Consortium/EC-Earth3/historical/r132i1p1f1/Amon/ta/gr/v20200412/ta_Amon_EC-Earth3_historical_r132i1p1f1_gr_197001-197012.nc
CMIP/EC-Earth-Consortium/EC-Earth3/historical/r120i1p1f1/Amon/ta/gr,noUse, 2: Server not responding for: https://esgf-data1.llnl.gov/thredds/fileServer/css03_data/CMIP6/CMIP/EC-Earth-Consortium/EC-Earth3/historical/r120i1p1f1/Amon/ta/gr/v20200412/ta_Amon_EC-Earth3_historical_r120i1p1f1_gr_197001-197012.nc
CMIP/EC-Earth-Consortium/EC-Earth3/historical/r131i1p1f1/Amon/ta/gr,noUse, 2: Server not responding for: https://esgf-data1.llnl.gov/thredds/fileServer/css03_data/CMIP6/CMIP/EC-Earth-Consortium/EC-Earth3/historical/r131i1p1f1/Amon/ta/gr/v20200412/ta_Amon_EC-Earth3_historical_r131i1p1f1_gr_197001-197012.nc
CMIP/EC-Earth-Consortium/EC-Earth3/historical/r133i1p1f1/Amon/ta/gr,noUse, 2: Server not responding for: https://esgf-data1.llnl.gov/thredds/fileServer/css03_data/CMIP6/CMIP/EC-Earth-Consortium/EC-Earth3/historical/r133i1p1f1/Amon/ta/gr/v20200412/ta_Amon_EC-Earth3_historical_r133i1p1f1_gr_197001-197012.nc
CMIP/EC-Earth-Consortium/EC-Earth3/historical/r136i1p1f1/Amon/ta/gr,noUse, 2: Server not responding for: https://esgf-data1.llnl.gov/thredds/fileServer/css03_data/CMIP6/CMIP/EC-Earth-Consortium/EC-Earth3/historical/r136i1p1f1/Amon/ta/gr/v20200412/ta_Amon_EC-Earth3_historical_r136i1p1f1_gr_197001-197012.nc
CMIP/EC-Earth-Consortium/EC-Earth3/historical/r147i1p1f1/Amon/ta/gr,noUse, 2: Server not responding for: https://esgf-data1.llnl.gov/thredds/fileServer/css03_data/CMIP6/CMIP/EC-Earth-Consortium/EC-Earth3/historical/r147i1p1f1/Amon/ta/gr/v20200412/ta_Amon_EC-Earth3_historical_r147i1p1f1_gr_197001-197012.nc
CMIP/EC-Earth-Consortium/EC-Earth3/historical/r121i1p1f1/Amon/ta/gr,noUse, 2: Server not responding for: https://esgf-data1.llnl.gov/thredds/fileServer/css03_data/CMIP6/CMIP/EC-Earth-Consortium/EC-Earth3/historical/r121i1p1f1/Amon/ta/gr/v20200412/ta_Amon_EC-Earth3_historical_r121i1p1f1_gr_197001-197012.nc
CMIP/EC-Earth-Consortium/EC-Earth3/historical/r114i1p1f1/Amon/ta/gr,noUse, 2: Server not responding for: https://esgf-data1.llnl.gov/thredds/fileServer/css03_data/CMIP6/CMIP/EC-Earth-Consortium/EC-Earth3/historical/r114i1p1f1/Amon/ta/gr/v20200412/ta_Amon_EC-Earth3_historical_r114i1p1f1_gr_197001-197012.nc
CMIP/EC-Earth-Consortium/EC-Earth3/historical/r142i1p1f1/Amon/ta/gr,noUse, 2: Server not responding for: https://esgf-data1.llnl.gov/thredds/fileServer/css03_data/CMIP6/CMIP/EC-Earth-Consortium/EC-Earth3/historical/r142i1p1f1/Amon/ta/gr/v20200412/ta_Amon_EC-Earth3_historical_r142i1p1f1_gr_197001-197012.nc
CMIP/EC-Earth-Consortium/EC-Earth3/historical/r107i1p1f1/Amon/ta/gr,noUse, 2: Server not responding for: https://esgf-data1.llnl.gov/thredds/fileServer/css03_data/CMIP6/CMIP/EC-Earth-Consortium/EC-Earth3/historical/r107i1p1f1/Amon/ta/gr/v20200412/ta_Amon_EC-Earth3_historical_r107i1p1f1_gr_197001-197012.nc
CMIP/EC-Earth-Consortium/EC-Earth3/historical/r117i1p1f1/Amon/ta/gr,noUse, 2: Server not responding for: https://esgf-data1.llnl.gov/thredds/fileServer/css03_data/CMIP6/CMIP/EC-Earth-Consortium/EC-Earth3/historical/r117i1p1f1/Amon/ta/gr/v20200412/ta_Amon_EC-Earth3_historical_r117i1p1f1_gr_197001-197012.nc
CMIP/EC-Earth-Consortium/EC-Earth3/historical/r122i1p1f1/Amon/ta/gr,noUse, 2: Server not responding for: https://esgf-data1.llnl.gov/thredds/fileServer/css03_data/CMIP6/CMIP/EC-Earth-Consortium/EC-Earth3/historical/r122i1p1f1/Amon/ta/gr/v20200412/ta_Amon_EC-Earth3_historical_r122i1p1f1_gr_197001-197012.nc
CMIP/EC-Earth-Consortium/EC-Earth3/historical/r130i1p1f1/Amon/ta/gr,noUse, 2: Server not responding for: https://esgf-data1.llnl.gov/thredds/fileServer/css03_data/CMIP6/CMIP/EC-Earth-Consortium/EC-Earth3/historical/r130i1p1f1/Amon/ta/gr/v20200412/ta_Amon_EC-Earth3_historical_r130i1p1f1_gr_197001-197012.nc
CMIP/EC-Earth-Consortium/EC-Earth3/historical/r102i1p1f1/Amon/ta/gr,noUse, 2: Server not responding for: https://esgf-data1.llnl.gov/thredds/fileServer/css03_data/CMIP6/CMIP/EC-Earth-Consortium/EC-Earth3/historical/r102i1p1f1/Amon/ta/gr/v20200412/ta_Amon_EC-Earth3_historical_r102i1p1f1_gr_197001-197012.nc
CMIP/EC-Earth-Consortium/EC-Earth3/historical/r129i1p1f1/Amon/ta/gr,noUse, 2: Server not responding for: https://esgf-data1.llnl.gov/thredds/fileServer/css03_data/CMIP6/CMIP/EC-Earth-Consortium/EC-Earth3/historical/r129i1p1f1/Amon/ta/gr/v20200412/ta_Amon_EC-Earth3_historical_r129i1p1f1_gr_197001-197012.nc
CMIP/EC-Earth-Consortium/EC-Earth3/historical/r137i1p1f1/Amon/ta/gr,noUse, 2: Server not responding for: https://esgf-data1.llnl.gov/thredds/fileServer/css03_data/CMIP6/CMIP/EC-Earth-Consortium/EC-Earth3/historical/r137i1p1f1/Amon/ta/gr/v20200412/ta_Amon_EC-Earth3_historical_r137i1p1f1_gr_197001-197012.nc
CMIP/EC-Earth-Consortium/EC-Earth3/historical/r146i1p1f1/Amon/ta/gr,noUse, 2: Server not responding for: https://esgf-data1.llnl.gov/thredds/fileServer/css03_data/CMIP6/CMIP/EC-Earth-Consortium/EC-Earth3/historical/r146i1p1f1/Amon/ta/gr/v20200412/ta_Amon_EC-Earth3_historical_r146i1p1f1_gr_197001-197012.nc
CMIP/EC-Earth-Consortium/EC-Earth3/historical/r125i1p1f1/Amon/ta/gr,noUse, 2: Server not responding for: https://esgf-data1.llnl.gov/thredds/fileServer/css03_data/CMIP6/CMIP/EC-Earth-Consortium/EC-Earth3/historical/r125i1p1f1/Amon/ta/gr/v20200412/ta_Amon_EC-Earth3_historical_r125i1p1f1_gr_197001-197012.nc
CMIP/EC-Earth-Consortium/EC-Earth3/historical/r149i1p1f1/Amon/ta/gr,noUse, 2: Server not responding for: https://esgf-data1.llnl.gov/thredds/fileServer/css03_data/CMIP6/CMIP/EC-Earth-Consortium/EC-Earth3/historical/r149i1p1f1/Amon/ta/gr/v20200412/ta_Amon_EC-Earth3_historical_r149i1p1f1_gr_197001-197012.nc
CMIP/EC-Earth-Consortium/EC-Earth3/historical/r138i1p1f1/Amon/ta/gr,noUse, 2: Server not responding for: https://esgf-data1.llnl.gov/thredds/fileServer/css03_data/CMIP6/CMIP/EC-Earth-Consortium/EC-Earth3/historical/r138i1p1f1/Amon/ta/gr/v20200412/ta_Amon_EC-Earth3_historical_r138i1p1f1_gr_197001-197012.nc
CMIP/EC-Earth-Consortium/EC-Earth3/historical/r124i1p1f1/Amon/ta/gr,noUse, 2: Server not responding for: https://esgf-data1.llnl.gov/thredds/fileServer/css03_data/CMIP6/CMIP/EC-Earth-Consortium/EC-Earth3/historical/r124i1p1f1/Amon/ta/gr/v20200412/ta_Amon_EC-Earth3_historical_r124i1p1f1_gr_197001-197012.nc
CMIP/EC-Earth-Consortium/EC-Earth3/historical/r108i1p1f1/Amon/ta/gr,noUse, 2: Server not responding for: https://esgf-data1.llnl.gov/thredds/fileServer/css03_data/CMIP6/CMIP/EC-Earth-Consortium/EC-Earth3/historical/r108i1p1f1/Amon/ta/gr/v20200412/ta_Amon_EC-Earth3_historical_r108i1p1f1_gr_197001-197012.nc
CMIP/EC-Earth-Consortium/EC-Earth3/historical/r143i1p1f1/Amon/ta/gr,noUse, 2: Server not responding for: https://esgf-data1.llnl.gov/thredds/fileServer/css03_data/CMIP6/CMIP/EC-Earth-Consortium/EC-Earth3/historical/r143i1p1f1/Amon/ta/gr/v20200412/ta_Amon_EC-Earth3_historical_r143i1p1f1_gr_197001-197012.nc
CMIP/EC-Earth-Consortium/EC-Earth3/historical/r150i1p1f1/Amon/ta/gr,noUse, 2: Server not responding for: https://esgf-data1.llnl.gov/thredds/fileServer/css03_data/CMIP6/CMIP/EC-Earth-Consortium/EC-Earth3/historical/r150i1p1f1/Amon/ta/gr/v20200412/ta_Amon_EC-Earth3_historical_r150i1p1f1_gr_197001-197012.nc
CMIP/EC-Earth-Consortium/EC-Earth3/historical/r111i1p1f1/Amon/ta/gr,noUse, 2: Server not responding for: https://esgf-data1.llnl.gov/thredds/fileServer/css03_data/CMIP6/CMIP/EC-Earth-Consortium/EC-Earth3/historical/r111i1p1f1/Amon/ta/gr/v20200412/ta_Amon_EC-Earth3_historical_r111i1p1f1_gr_197001-197012.nc
CMIP/EC-Earth-Consortium/EC-Earth3/historical/r128i1p1f1/Amon/ta/gr,noUse, 2: Server not responding for: https://esgf-data1.llnl.gov/thredds/fileServer/css03_data/CMIP6/CMIP/EC-Earth-Consortium/EC-Earth3/historical/r128i1p1f1/Amon/ta/gr/v20200412/ta_Amon_EC-Earth3_historical_r128i1p1f1_gr_197001-197012.nc
CMIP/EC-Earth-Consortium/EC-Earth3/historical/r145i1p1f1/Amon/ta/gr,noUse, 2: Server not responding for: https://esgf-data1.llnl.gov/thredds/fileServer/css03_data/CMIP6/CMIP/EC-Earth-Consortium/EC-Earth3/historical/r145i1p1f1/Amon/ta/gr/v20200412/ta_Amon_EC-Earth3_historical_r145i1p1f1_gr_197001-197012.nc
CMIP/EC-Earth-Consortium/EC-Earth3/historical/r139i1p1f1/Amon/ta/gr,noUse, 2: Server not responding for: https://esgf-data1.llnl.gov/thredds/fileServer/css03_data/CMIP6/CMIP/EC-Earth-Consortium/EC-Earth3/historical/r139i1p1f1/Amon/ta/gr/v20200412/ta_Amon_EC-Earth3_historical_r139i1p1f1_gr_197001-197012.nc
CMIP/EC-Earth-Consortium/EC-Earth3/historical/r123i1p1f1/Amon/ta/gr,noUse, 2: Server not responding for: https://esgf-data1.llnl.gov/thredds/fileServer/css03_data/CMIP6/CMIP/EC-Earth-Consortium/EC-Earth3/historical/r123i1p1f1/Amon/ta/gr/v20200412/ta_Amon_EC-Earth3_historical_r123i1p1f1_gr_197001-197012.nc
CMIP/EC-Earth-Consortium/EC-Earth3/historical/r105i1p1f1/Amon/ta/gr,noUse, 2: Server not responding for: https://esgf-data1.llnl.gov/thredds/fileServer/css03_data/CMIP6/CMIP/EC-Earth-Consortium/EC-Earth3/historical/r105i1p1f1/Amon/ta/gr/v20200412/ta_Amon_EC-Earth3_historical_r105i1p1f1_gr_197001-197012.nc
CMIP/EC-Earth-Consortium/EC-Earth3/historical/r118i1p1f1/Amon/ta/gr,noUse, 2: Server not responding for: https://esgf-data1.llnl.gov/thredds/fileServer/css03_data/CMIP6/CMIP/EC-Earth-Consortium/EC-Earth3/historical/r118i1p1f1/Amon/ta/gr/v20200412/ta_Amon_EC-Earth3_historical_r118i1p1f1_gr_197001-197012.nc
CMIP/EC-Earth-Consortium/EC-Earth3/historical/r116i1p1f1/Amon/ta/gr,noUse, 2: Server not responding for: https://esgf-data1.llnl.gov/thredds/fileServer/css03_data/CMIP6/CMIP/EC-Earth-Consortium/EC-Earth3/historical/r116i1p1f1/Amon/ta/gr/v20200412/ta_Amon_EC-Earth3_historical_r116i1p1f1_gr_197001-197012.nc
CMIP/EC-Earth-Consortium/EC-Earth3/historical/r119i1p1f1/Amon/ta/gr,noUse, 2: Server not responding for: https://esgf-data1.llnl.gov/thredds/fileServer/css03_data/CMIP6/CMIP/EC-Earth-Consortium/EC-Earth3/historical/r119i1p1f1/Amon/ta/gr/v20200412/ta_Amon_EC-Earth3_historical_r119i1p1f1_gr_197001-197012.nc
CMIP/EC-Earth-Consortium/EC-Earth3/historical/r113i1p1f1/Amon/ta/gr,noUse, 2: Server not responding for: https://esgf-data1.llnl.gov/thredds/fileServer/css03_data/CMIP6/CMIP/EC-Earth-Consortium/EC-Earth3/historical/r113i1p1f1/Amon/ta/gr/v20200412/ta_Amon_EC-Earth3_historical_r113i1p1f1_gr_197001-197012.nc
CMIP/EC-Earth-Consortium/EC-Earth3/historical/r109i1p1f1/Amon/ta/gr,noUse, 2: Server not responding for: https://esgf-data1.llnl.gov/thredds/fileServer/css03_data/CMIP6/CMIP/EC-Earth-Consortium/EC-Earth3/historical/r109i1p1f1/Amon/ta/gr/v20200412/ta_Amon_EC-Earth3_historical_r109i1p1f1_gr_197001-197012.nc
CMIP/EC-Earth-Consortium/EC-Earth3/historical/r101i1p1f1/Amon/ta/gr,noUse, 2: Server not responding for: https://esgf-data1.llnl.gov/thredds/fileServer/css03_data/CMIP6/CMIP/EC-Earth-Consortium/EC-Earth3/historical/r101i1p1f1/Amon/ta/gr/v20200412/ta_Amon_EC-Earth3_historical_r101i1p1f1_gr_197001-197012.nc
CMIP/EC-Earth-Consortium/EC-Earth3/historical/r134i1p1f1/Amon/ta/gr,noUse, 2: Server not responding for: https://esgf-data1.llnl.gov/thredds/fileServer/css03_data/CMIP6/CMIP/EC-Earth-Consortium/EC-Earth3/historical/r134i1p1f1/Amon/ta/gr/v20200412/ta_Amon_EC-Earth3_historical_r134i1p1f1_gr_197001-197012.nc
CMIP/EC-Earth-Consortium/EC-Earth3/historical/r104i1p1f1/Amon/ta/gr,noUse, 2: Server not responding for: https://esgf-data1.llnl.gov/thredds/fileServer/css03_data/CMIP6/CMIP/EC-Earth-Consortium/EC-Earth3/historical/r104i1p1f1/Amon/ta/gr/v20200412/ta_Amon_EC-Earth3_historical_r104i1p1f1_gr_197001-197012.nc
CMIP/EC-Earth-Consortium/EC-Earth3/historical/r103i1p1f1/Amon/ta/gr,noUse, 2: Server not responding for: https://esgf-data1.llnl.gov/thredds/fileServer/css03_data/CMIP6/CMIP/EC-Earth-Consortium/EC-Earth3/historical/r103i1p1f1/Amon/ta/gr/v20200412/ta_Amon_EC-Earth3_historical_r103i1p1f1_gr_197001-197012.nc
CMIP/EC-Earth-Consortium/EC-Earth3/historical/r115i1p1f1/Amon/ta/gr,noUse, 2: Server not responding for: https://esgf-data1.llnl.gov/thredds/fileServer/css03_data/CMIP6/CMIP/EC-Earth-Consortium/EC-Earth3/historical/r115i1p1f1/Amon/ta/gr/v20200412/ta_Amon_EC-Earth3_historical_r115i1p1f1_gr_197001-197012.nc
CMIP/EC-Earth-Consortium/EC-Earth3/historical/r126i1p1f1/Amon/ta/gr,noUse, 2: Server not responding for: https://esgf-data1.llnl.gov/thredds/fileServer/css03_data/CMIP6/CMIP/EC-Earth-Consortium/EC-Earth3/historical/r126i1p1f1/Amon/ta/gr/v20200412/ta_Amon_EC-Earth3_historical_r126i1p1f1_gr_197001-197012.nc
CMIP/EC-Earth-Consortium/EC-Earth3/historical/r140i1p1f1/Amon/ta/gr,noUse, 2: Server not responding for: https://esgf-data1.llnl.gov/thredds/fileServer/css03_data/CMIP6/CMIP/EC-Earth-Consortium/EC-Earth3/historical/r140i1p1f1/Amon/ta/gr/v20200412/ta_Amon_EC-Earth3_historical_r140i1p1f1_gr_197001-197012.nc
CMIP/EC-Earth-Consortium/EC-Earth3/historical/r127i1p1f1/Amon/ta/gr,noUse, 2: Server not responding for: https://esgf-data1.llnl.gov/thredds/fileServer/css03_data/CMIP6/CMIP/EC-Earth-Consortium/EC-Earth3/historical/r127i1p1f1/Amon/ta/gr/v20200412/ta_Amon_EC-Earth3_historical_r127i1p1f1_gr_197001-197012.nc
CMIP/EC-Earth-Consortium/EC-Earth3/historical/r144i1p1f1/Amon/ta/gr,noUse, 2: Server not responding for: https://esgf-data1.llnl.gov/thredds/fileServer/css03_data/CMIP6/CMIP/EC-Earth-Consortium/EC-Earth3/historical/r144i1p1f1/Amon/ta/gr/v20200412/ta_Amon_EC-Earth3_historical_r144i1p1f1_gr_197001-197012.nc
CMIP/EC-Earth-Consortium/EC-Earth3/historical/r148i1p1f1/Amon/ta/gr,noUse, 2: Server not responding for: https://esgf-data1.llnl.gov/thredds/fileServer/css03_data/CMIP6/CMIP/EC-Earth-Consortium/EC-Earth3/historical/r148i1p1f1/Amon/ta/gr/v20200412/ta_Amon_EC-Earth3_historical_r148i1p1f1_gr_197001-197012.nc
CMIP/EC-Earth-Consortium/EC-Earth3/historical/r141i1p1f1/Amon/ta/gr,noUse, 2: Server not responding for: https://esgf-data1.llnl.gov/thredds/fileServer/css03_data/CMIP6/CMIP/EC-Earth-Consortium/EC-Earth3/historical/r141i1p1f1/Amon/ta/gr/v20200412/ta_Amon_EC-Earth3_historical_r141i1p1f1_gr_197001-197012.nc
CMIP/EC-Earth-Consortium/EC-Earth3/historical/r106i1p1f1/Amon/ta/gr,noUse, 2: Server not responding for: https://esgf-data1.llnl.gov/thredds/fileServer/css03_data/CMIP6/CMIP/EC-Earth-Consortium/EC-Earth3/historical/r106i1p1f1/Amon/ta/gr/v20200412/ta_Amon_EC-Earth3_historical_r106i1p1f1_gr_197001-197012.nc
CMIP/EC-Earth-Consortium/EC-Earth3/historical/r110i1p1f1/Amon/ta/gr,noUse, 2: Server not responding for: https://esgf-data1.llnl.gov/thredds/fileServer/css03_data/CMIP6/CMIP/EC-Earth-Consortium/EC-Earth3/historical/r110i1p1f1/Amon/ta/gr/v20200412/ta_Amon_EC-Earth3_historical_r110i1p1f1_gr_197001-197012.nc
CMIP/EC-Earth-Consortium/EC-Earth3/historical/r135i1p1f1/Amon/ta/gr,noUse, 2: Server not responding for: https://esgf-data1.llnl.gov/thredds/fileServer/css03_data/CMIP6/CMIP/EC-Earth-Consortium/EC-Earth3/historical/r135i1p1f1/Amon/ta/gr/v20200412/ta_Amon_EC-Earth3_historical_r135i1p1f1_gr_197001-197012.nc
CMIP/EC-Earth-Consortium/EC-Earth3/historical/r112i1p1f1/Amon/ta/gr,noUse, 2: Server not responding for: https://esgf-data1.llnl.gov/thredds/fileServer/css03_data/CMIP6/CMIP/EC-Earth-Consortium/EC-Earth3/historical/r112i1p1f1/Amon/ta/gr/v20200412/ta_Amon_EC-Earth3_historical_r112i1p1f1_gr_197001-197012.nc
CMIP/NCC/NorESM2-MM/historical/r3i1p1f1/Amon/ta/gn,noUse, 2: Server not responding for: http://esgf-data3.diasjp.net/thredds/fileServer/esg_dataroot/CMIP6/CMIP/NCC/NorESM2-MM/historical/r3i1p1f1/Amon/ta/gn/v20200702/ta_Amon_NorESM2-MM_historical_r3i1p1f1_gn_185001-185912.nc
CMIP/NCC/NorESM2-MM/historical/r2i1p1f1/Amon/ta/gn,noUse, 2: Server not responding for: https://esgf-data1.llnl.gov/thredds/fileServer/css03_data/CMIP6/CMIP/NCC/NorESM2-MM/historical/r2i1p1f1/Amon/ta/gn/v20200218/ta_Amon_NorESM2-MM_historical_r2i1p1f1_gn_185001-185912.nc
CMIP/CMCC/CMCC-CM2-HR4/historical/r1i1p1f1/Amon/ta/gn,noUse, 2: Server not responding for: https://esgf-data1.llnl.gov/thredds/fileServer/css03_data/CMIP6/CMIP/CMCC/CMCC-CM2-HR4/historical/r1i1p1f1/Amon/ta/gn/v20200904/ta_Amon_CMCC-CM2-HR4_historical_r1i1p1f1_gn_185001-186912.nc
CMIP/MRI/MRI-ESM2-0/historical/r1i1000p1f1/Amon/hus/gn,noUse, 2: Server not responding for: https://esgf-data1.llnl.gov/thredds/fileServer/css03_data/CMIP6/CMIP/MRI/MRI-ESM2-0/historical/r1i1000p1f1/Amon/hus/gn/v20201029/hus_Amon_MRI-ESM2-0_historical_r1i1000p1f1_gn_185001-189912.nc
CMIP/EC-Earth-Consortium/EC-Earth3/historical/r132i1p1f1/Amon/ua/gr,noUse, 2: Server not responding for: https://esgf-data1.llnl.gov/thredds/fileServer/css03_data/CMIP6/CMIP/EC-Earth-Consortium/EC-Earth3/historical/r132i1p1f1/Amon/ua/gr/v20200412/ua_Amon_EC-Earth3_historical_r132i1p1f1_gr_197001-197012.nc
CMIP/EC-Earth-Consortium/EC-Earth3/historical/r130i1p1f1/Amon/ua/gr,noUse, 2: Server not responding for: https://esgf-data1.llnl.gov/thredds/fileServer/css03_data/CMIP6/CMIP/EC-Earth-Consortium/EC-Earth3/historical/r130i1p1f1/Amon/ua/gr/v20200412/ua_Amon_EC-Earth3_historical_r130i1p1f1_gr_197001-197012.nc
CMIP/EC-Earth-Consortium/EC-Earth3/historical/r136i1p1f1/Amon/ua/gr,noUse, 2: Server not responding for: https://esgf-data1.llnl.gov/thredds/fileServer/css03_data/CMIP6/CMIP/EC-Earth-Consortium/EC-Earth3/historical/r136i1p1f1/Amon/ua/gr/v20200412/ua_Amon_EC-Earth3_historical_r136i1p1f1_gr_197001-197012.nc
CMIP/EC-Earth-Consortium/EC-Earth3/historical/r133i1p1f1/Amon/ua/gr,noUse, 2: Server not responding for: https://esgf-data1.llnl.gov/thredds/fileServer/css03_data/CMIP6/CMIP/EC-Earth-Consortium/EC-Earth3/historical/r133i1p1f1/Amon/ua/gr/v20200412/ua_Amon_EC-Earth3_historical_r133i1p1f1_gr_197001-197012.nc
CMIP/EC-Earth-Consortium/EC-Earth3/historical/r149i1p1f1/Amon/ua/gr,noUse, 2: Server not responding for: https://esgf-data1.llnl.gov/thredds/fileServer/css03_data/CMIP6/CMIP/EC-Earth-Consortium/EC-Earth3/historical/r149i1p1f1/Amon/ua/gr/v20200412/ua_Amon_EC-Earth3_historical_r149i1p1f1_gr_197001-197012.nc
CMIP/EC-Earth-Consortium/EC-Earth3/historical/r131i1p1f1/Amon/ua/gr,noUse, 2: Server not responding for: https://esgf-data1.llnl.gov/thredds/fileServer/css03_data/CMIP6/CMIP/EC-Earth-Consortium/EC-Earth3/historical/r131i1p1f1/Amon/ua/gr/v20200412/ua_Amon_EC-Earth3_historical_r131i1p1f1_gr_197001-197012.nc
CMIP/EC-Earth-Consortium/EC-Earth3/historical/r120i1p1f1/Amon/ua/gr,noUse, 2: Server not responding for: https://esgf-data1.llnl.gov/thredds/fileServer/css03_data/CMIP6/CMIP/EC-Earth-Consortium/EC-Earth3/historical/r120i1p1f1/Amon/ua/gr/v20200412/ua_Amon_EC-Earth3_historical_r120i1p1f1_gr_197001-197012.nc
CMIP/EC-Earth-Consortium/EC-Earth3/historical/r107i1p1f1/Amon/ua/gr,noUse, 2: Server not responding for: https://esgf-data1.llnl.gov/thredds/fileServer/css03_data/CMIP6/CMIP/EC-Earth-Consortium/EC-Earth3/historical/r107i1p1f1/Amon/ua/gr/v20200412/ua_Amon_EC-Earth3_historical_r107i1p1f1_gr_197001-197012.nc
CMIP/EC-Earth-Consortium/EC-Earth3/historical/r111i1p1f1/Amon/ua/gr,noUse, 2: Server not responding for: https://esgf-data1.llnl.gov/thredds/fileServer/css03_data/CMIP6/CMIP/EC-Earth-Consortium/EC-Earth3/historical/r111i1p1f1/Amon/ua/gr/v20200412/ua_Amon_EC-Earth3_historical_r111i1p1f1_gr_197001-197012.nc
CMIP/EC-Earth-Consortium/EC-Earth3/historical/r108i1p1f1/Amon/ua/gr,noUse, 2: Server not responding for: https://esgf-data1.llnl.gov/thredds/fileServer/css03_data/CMIP6/CMIP/EC-Earth-Consortium/EC-Earth3/historical/r108i1p1f1/Amon/ua/gr/v20200412/ua_Amon_EC-Earth3_historical_r108i1p1f1_gr_197001-197012.nc
CMIP/EC-Earth-Consortium/EC-Earth3/historical/r118i1p1f1/Amon/ua/gr,noUse, 2: Server not responding for: https://esgf-data1.llnl.gov/thredds/fileServer/css03_data/CMIP6/CMIP/EC-Earth-Consortium/EC-Earth3/historical/r118i1p1f1/Amon/ua/gr/v20200412/ua_Amon_EC-Earth3_historical_r118i1p1f1_gr_197001-197012.nc
CMIP/EC-Earth-Consortium/EC-Earth3/historical/r102i1p1f1/Amon/ua/gr,noUse, 2: Server not responding for: https://esgf-data1.llnl.gov/thredds/fileServer/css03_data/CMIP6/CMIP/EC-Earth-Consortium/EC-Earth3/historical/r102i1p1f1/Amon/ua/gr/v20200412/ua_Amon_EC-Earth3_historical_r102i1p1f1_gr_197001-197012.nc
CMIP/EC-Earth-Consortium/EC-Earth3/historical/r122i1p1f1/Amon/ua/gr,noUse, 2: Server not responding for: https://esgf-data1.llnl.gov/thredds/fileServer/css03_data/CMIP6/CMIP/EC-Earth-Consortium/EC-Earth3/historical/r122i1p1f1/Amon/ua/gr/v20200412/ua_Amon_EC-Earth3_historical_r122i1p1f1_gr_197001-197012.nc
CMIP/EC-Earth-Consortium/EC-Earth3/historical/r114i1p1f1/Amon/ua/gr,noUse, 2: Server not responding for: https://esgf-data1.llnl.gov/thredds/fileServer/css03_data/CMIP6/CMIP/EC-Earth-Consortium/EC-Earth3/historical/r114i1p1f1/Amon/ua/gr/v20200412/ua_Amon_EC-Earth3_historical_r114i1p1f1_gr_197001-197012.nc
CMIP/EC-Earth-Consortium/EC-Earth3/historical/r145i1p1f1/Amon/ua/gr,noUse, 2: Server not responding for: https://esgf-data1.llnl.gov/thredds/fileServer/css03_data/CMIP6/CMIP/EC-Earth-Consortium/EC-Earth3/historical/r145i1p1f1/Amon/ua/gr/v20200412/ua_Amon_EC-Earth3_historical_r145i1p1f1_gr_197001-197012.nc
CMIP/EC-Earth-Consortium/EC-Earth3/historical/r142i1p1f1/Amon/ua/gr,noUse, 2: Server not responding for: https://esgf-data1.llnl.gov/thredds/fileServer/css03_data/CMIP6/CMIP/EC-Earth-Consortium/EC-Earth3/historical/r142i1p1f1/Amon/ua/gr/v20200412/ua_Amon_EC-Earth3_historical_r142i1p1f1_gr_197001-197012.nc
CMIP/EC-Earth-Consortium/EC-Earth3/historical/r147i1p1f1/Amon/ua/gr,noUse, 2: Server not responding for: https://esgf-data1.llnl.gov/thredds/fileServer/css03_data/CMIP6/CMIP/EC-Earth-Consortium/EC-Earth3/historical/r147i1p1f1/Amon/ua/gr/v20200412/ua_Amon_EC-Earth3_historical_r147i1p1f1_gr_197001-197012.nc
CMIP/EC-Earth-Consortium/EC-Earth3/historical/r146i1p1f1/Amon/ua/gr,noUse, 2: Server not responding for: https://esgf-data1.llnl.gov/thredds/fileServer/css03_data/CMIP6/CMIP/EC-Earth-Consortium/EC-Earth3/historical/r146i1p1f1/Amon/ua/gr/v20200412/ua_Amon_EC-Earth3_historical_r146i1p1f1_gr_197001-197012.nc
CMIP/EC-Earth-Consortium/EC-Earth3/historical/r105i1p1f1/Amon/ua/gr,noUse, 2: Server not responding for: https://esgf-data1.llnl.gov/thredds/fileServer/css03_data/CMIP6/CMIP/EC-Earth-Consortium/EC-Earth3/historical/r105i1p1f1/Amon/ua/gr/v20200412/ua_Amon_EC-Earth3_historical_r105i1p1f1_gr_197001-197012.nc
CMIP/EC-Earth-Consortium/EC-Earth3/historical/r135i1p1f1/Amon/ua/gr,noUse, 2: Server not responding for: https://esgf-data1.llnl.gov/thredds/fileServer/css03_data/CMIP6/CMIP/EC-Earth-Consortium/EC-Earth3/historical/r135i1p1f1/Amon/ua/gr/v20200412/ua_Amon_EC-Earth3_historical_r135i1p1f1_gr_197001-197012.nc
CMIP/EC-Earth-Consortium/EC-Earth3/historical/r138i1p1f1/Amon/ua/gr,noUse, 2: Server not responding for: https://esgf-data1.llnl.gov/thredds/fileServer/css03_data/CMIP6/CMIP/EC-Earth-Consortium/EC-Earth3/historical/r138i1p1f1/Amon/ua/gr/v20200412/ua_Amon_EC-Earth3_historical_r138i1p1f1_gr_197001-197012.nc
CMIP/EC-Earth-Consortium/EC-Earth3/historical/r128i1p1f1/Amon/ua/gr,noUse, 2: Server not responding for: https://esgf-data1.llnl.gov/thredds/fileServer/css03_data/CMIP6/CMIP/EC-Earth-Consortium/EC-Earth3/historical/r128i1p1f1/Amon/ua/gr/v20200412/ua_Amon_EC-Earth3_historical_r128i1p1f1_gr_197001-197012.nc
CMIP/EC-Earth-Consortium/EC-Earth3/historical/r143i1p1f1/Amon/ua/gr,noUse, 2: Server not responding for: https://esgf-data1.llnl.gov/thredds/fileServer/css03_data/CMIP6/CMIP/EC-Earth-Consortium/EC-Earth3/historical/r143i1p1f1/Amon/ua/gr/v20200412/ua_Amon_EC-Earth3_historical_r143i1p1f1_gr_197001-197012.nc
CMIP/EC-Earth-Consortium/EC-Earth3/historical/r119i1p1f1/Amon/ua/gr,noUse, 2: Server not responding for: https://esgf-data1.llnl.gov/thredds/fileServer/css03_data/CMIP6/CMIP/EC-Earth-Consortium/EC-Earth3/historical/r119i1p1f1/Amon/ua/gr/v20200412/ua_Amon_EC-Earth3_historical_r119i1p1f1_gr_197001-197012.nc
CMIP/EC-Earth-Consortium/EC-Earth3/historical/r124i1p1f1/Amon/ua/gr,noUse, 2: Server not responding for: https://esgf-data1.llnl.gov/thredds/fileServer/css03_data/CMIP6/CMIP/EC-Earth-Consortium/EC-Earth3/historical/r124i1p1f1/Amon/ua/gr/v20200412/ua_Amon_EC-Earth3_historical_r124i1p1f1_gr_197001-197012.nc
CMIP/EC-Earth-Consortium/EC-Earth3/historical/r104i1p1f1/Amon/ua/gr,noUse, 2: Server not responding for: https://esgf-data1.llnl.gov/thredds/fileServer/css03_data/CMIP6/CMIP/EC-Earth-Consortium/EC-Earth3/historical/r104i1p1f1/Amon/ua/gr/v20200412/ua_Amon_EC-Earth3_historical_r104i1p1f1_gr_197001-197012.nc
CMIP/EC-Earth-Consortium/EC-Earth3/historical/r150i1p1f1/Amon/ua/gr,noUse, 2: Server not responding for: https://esgf-data1.llnl.gov/thredds/fileServer/css03_data/CMIP6/CMIP/EC-Earth-Consortium/EC-Earth3/historical/r150i1p1f1/Amon/ua/gr/v20200412/ua_Amon_EC-Earth3_historical_r150i1p1f1_gr_197001-197012.nc
CMIP/EC-Earth-Consortium/EC-Earth3/historical/r144i1p1f1/Amon/ua/gr,noUse, 2: Server not responding for: https://esgf-data1.llnl.gov/thredds/fileServer/css03_data/CMIP6/CMIP/EC-Earth-Consortium/EC-Earth3/historical/r144i1p1f1/Amon/ua/gr/v20200412/ua_Amon_EC-Earth3_historical_r144i1p1f1_gr_197001-197012.nc
CMIP/EC-Earth-Consortium/EC-Earth3/historical/r141i1p1f1/Amon/ua/gr,noUse, 2: Server not responding for: https://esgf-data1.llnl.gov/thredds/fileServer/css03_data/CMIP6/CMIP/EC-Earth-Consortium/EC-Earth3/historical/r141i1p1f1/Amon/ua/gr/v20200412/ua_Amon_EC-Earth3_historical_r141i1p1f1_gr_197001-197012.nc
CMIP/EC-Earth-Consortium/EC-Earth3/historical/r129i1p1f1/Amon/ua/gr,noUse, 2: Server not responding for: https://esgf-data1.llnl.gov/thredds/fileServer/css03_data/CMIP6/CMIP/EC-Earth-Consortium/EC-Earth3/historical/r129i1p1f1/Amon/ua/gr/v20200412/ua_Amon_EC-Earth3_historical_r129i1p1f1_gr_197001-197012.nc
CMIP/EC-Earth-Consortium/EC-Earth3/historical/r117i1p1f1/Amon/ua/gr,noUse, 2: Server not responding for: https://esgf-data1.llnl.gov/thredds/fileServer/css03_data/CMIP6/CMIP/EC-Earth-Consortium/EC-Earth3/historical/r117i1p1f1/Amon/ua/gr/v20200412/ua_Amon_EC-Earth3_historical_r117i1p1f1_gr_197001-197012.nc
CMIP/EC-Earth-Consortium/EC-Earth3/historical/r116i1p1f1/Amon/ua/gr,noUse, 2: Server not responding for: https://esgf-data1.llnl.gov/thredds/fileServer/css03_data/CMIP6/CMIP/EC-Earth-Consortium/EC-Earth3/historical/r116i1p1f1/Amon/ua/gr/v20200412/ua_Amon_EC-Earth3_historical_r116i1p1f1_gr_197001-197012.nc
CMIP/EC-Earth-Consortium/EC-Earth3/historical/r112i1p1f1/Amon/ua/gr,noUse, 2: Server not responding for: https://esgf-data1.llnl.gov/thredds/fileServer/css03_data/CMIP6/CMIP/EC-Earth-Consortium/EC-Earth3/historical/r112i1p1f1/Amon/ua/gr/v20200412/ua_Amon_EC-Earth3_historical_r112i1p1f1_gr_197001-197012.nc
CMIP/EC-Earth-Consortium/EC-Earth3/historical/r106i1p1f1/Amon/ua/gr,noUse, 2: Server not responding for: https://esgf-data1.llnl.gov/thredds/fileServer/css03_data/CMIP6/CMIP/EC-Earth-Consortium/EC-Earth3/historical/r106i1p1f1/Amon/ua/gr/v20200412/ua_Amon_EC-Earth3_historical_r106i1p1f1_gr_197001-197012.nc
CMIP/EC-Earth-Consortium/EC-Earth3/historical/r123i1p1f1/Amon/ua/gr,noUse, 2: Server not responding for: https://esgf-data1.llnl.gov/thredds/fileServer/css03_data/CMIP6/CMIP/EC-Earth-Consortium/EC-Earth3/historical/r123i1p1f1/Amon/ua/gr/v20200412/ua_Amon_EC-Earth3_historical_r123i1p1f1_gr_197001-197012.nc
CMIP/EC-Earth-Consortium/EC-Earth3/historical/r134i1p1f1/Amon/ua/gr,noUse, 2: Server not responding for: https://esgf-data1.llnl.gov/thredds/fileServer/css03_data/CMIP6/CMIP/EC-Earth-Consortium/EC-Earth3/historical/r134i1p1f1/Amon/ua/gr/v20200412/ua_Amon_EC-Earth3_historical_r134i1p1f1_gr_197001-197012.nc
CMIP/EC-Earth-Consortium/EC-Earth3/historical/r126i1p1f1/Amon/ua/gr,noUse, 2: Server not responding for: https://esgf-data1.llnl.gov/thredds/fileServer/css03_data/CMIP6/CMIP/EC-Earth-Consortium/EC-Earth3/historical/r126i1p1f1/Amon/ua/gr/v20200412/ua_Amon_EC-Earth3_historical_r126i1p1f1_gr_197001-197012.nc
CMIP/EC-Earth-Consortium/EC-Earth3/historical/r139i1p1f1/Amon/ua/gr,noUse, 2: Server not responding for: https://esgf-data1.llnl.gov/thredds/fileServer/css03_data/CMIP6/CMIP/EC-Earth-Consortium/EC-Earth3/historical/r139i1p1f1/Amon/ua/gr/v20200412/ua_Amon_EC-Earth3_historical_r139i1p1f1_gr_197001-197012.nc
CMIP/EC-Earth-Consortium/EC-Earth3/historical/r140i1p1f1/Amon/ua/gr,noUse, 2: Server not responding for: https://esgf-data1.llnl.gov/thredds/fileServer/css03_data/CMIP6/CMIP/EC-Earth-Consortium/EC-Earth3/historical/r140i1p1f1/Amon/ua/gr/v20200412/ua_Amon_EC-Earth3_historical_r140i1p1f1_gr_197001-197012.nc
CMIP/EC-Earth-Consortium/EC-Earth3/historical/r137i1p1f1/Amon/ua/gr,noUse, 2: Server not responding for: https://esgf-data1.llnl.gov/thredds/fileServer/css03_data/CMIP6/CMIP/EC-Earth-Consortium/EC-Earth3/historical/r137i1p1f1/Amon/ua/gr/v20200412/ua_Amon_EC-Earth3_historical_r137i1p1f1_gr_197001-197012.nc
CMIP/EC-Earth-Consortium/EC-Earth3/historical/r125i1p1f1/Amon/ua/gr,noUse, 2: Server not responding for: https://esgf-data1.llnl.gov/thredds/fileServer/css03_data/CMIP6/CMIP/EC-Earth-Consortium/EC-Earth3/historical/r125i1p1f1/Amon/ua/gr/v20200412/ua_Amon_EC-Earth3_historical_r125i1p1f1_gr_197001-197012.nc
CMIP/EC-Earth-Consortium/EC-Earth3/historical/r121i1p1f1/Amon/ua/gr,noUse, 2: Server not responding for: https://esgf-data1.llnl.gov/thredds/fileServer/css03_data/CMIP6/CMIP/EC-Earth-Consortium/EC-Earth3/historical/r121i1p1f1/Amon/ua/gr/v20200412/ua_Amon_EC-Earth3_historical_r121i1p1f1_gr_197001-197012.nc
CMIP/EC-Earth-Consortium/EC-Earth3/historical/r113i1p1f1/Amon/ua/gr,noUse, 2: Server not responding for: https://esgf-data1.llnl.gov/thredds/fileServer/css03_data/CMIP6/CMIP/EC-Earth-Consortium/EC-Earth3/historical/r113i1p1f1/Amon/ua/gr/v20200412/ua_Amon_EC-Earth3_historical_r113i1p1f1_gr_197001-197012.nc
CMIP/EC-Earth-Consortium/EC-Earth3/historical/r115i1p1f1/Amon/ua/gr,noUse, 2: Server not responding for: https://esgf-data1.llnl.gov/thredds/fileServer/css03_data/CMIP6/CMIP/EC-Earth-Consortium/EC-Earth3/historical/r115i1p1f1/Amon/ua/gr/v20200412/ua_Amon_EC-Earth3_historical_r115i1p1f1_gr_197001-197012.nc
CMIP/EC-Earth-Consortium/EC-Earth3/historical/r109i1p1f1/Amon/ua/gr,noUse, 2: Server not responding for: https://esgf-data1.llnl.gov/thredds/fileServer/css03_data/CMIP6/CMIP/EC-Earth-Consortium/EC-Earth3/historical/r109i1p1f1/Amon/ua/gr/v20200412/ua_Amon_EC-Earth3_historical_r109i1p1f1_gr_197001-197012.nc
CMIP/EC-Earth-Consortium/EC-Earth3/historical/r110i1p1f1/Amon/ua/gr,noUse, 2: Server not responding for: https://esgf-data1.llnl.gov/thredds/fileServer/css03_data/CMIP6/CMIP/EC-Earth-Consortium/EC-Earth3/historical/r110i1p1f1/Amon/ua/gr/v20200412/ua_Amon_EC-Earth3_historical_r110i1p1f1_gr_197001-197012.nc
CMIP/EC-Earth-Consortium/EC-Earth3/historical/r103i1p1f1/Amon/ua/gr,noUse, 2: Server not responding for: https://esgf-data1.llnl.gov/thredds/fileServer/css03_data/CMIP6/CMIP/EC-Earth-Consortium/EC-Earth3/historical/r103i1p1f1/Amon/ua/gr/v20200412/ua_Amon_EC-Earth3_historical_r103i1p1f1_gr_197001-197012.nc
CMIP/EC-Earth-Consortium/EC-Earth3/historical/r148i1p1f1/Amon/ua/gr,noUse, 2: Server not responding for: https://esgf-data1.llnl.gov/thredds/fileServer/css03_data/CMIP6/CMIP/EC-Earth-Consortium/EC-Earth3/historical/r148i1p1f1/Amon/ua/gr/v20200412/ua_Amon_EC-Earth3_historical_r148i1p1f1_gr_197001-197012.nc
CMIP/EC-Earth-Consortium/EC-Earth3/historical/r127i1p1f1/Amon/ua/gr,noUse, 2: Server not responding for: https://esgf-data1.llnl.gov/thredds/fileServer/css03_data/CMIP6/CMIP/EC-Earth-Consortium/EC-Earth3/historical/r127i1p1f1/Amon/ua/gr/v20200412/ua_Amon_EC-Earth3_historical_r127i1p1f1_gr_197001-197012.nc
CMIP/CAS/CAS-ESM2-0/historical/r3i1p1f1/Amon/ta/gn,noUse, 2: Server not responding for: https://esgf-data1.llnl.gov/thredds/fileServer/css03_data/CMIP6/CMIP/CAS/CAS-ESM2-0/historical/r3i1p1f1/Amon/ta/gn/v20200502/ta_Amon_CAS-ESM2-0_historical_r3i1p1f1_gn_185001-201412.nc
CMIP/EC-Earth-Consortium/EC-Earth3/historical/r148i1p1f1/Amon/va/gr,noUse, 1: error in open_mfdataset
CMIP/EC-Earth-Consortium/EC-Earth3/historical/r133i1p1f1/Amon/va/gr,noUse, 2: Server not responding for: https://esgf-data1.llnl.gov/thredds/fileServer/css03_data/CMIP6/CMIP/EC-Earth-Consortium/EC-Earth3/historical/r133i1p1f1/Amon/va/gr/v20200412/va_Amon_EC-Earth3_historical_r133i1p1f1_gr_200301-200312.nc
CMIP/EC-Earth-Consortium/EC-Earth3/historical/r135i1p1f1/Amon/va/gr,noUse, 2: Server not responding for: https://esgf-data1.llnl.gov/thredds/fileServer/css03_data/CMIP6/CMIP/EC-Earth-Consortium/EC-Earth3/historical/r135i1p1f1/Amon/va/gr/v20200412/va_Amon_EC-Earth3_historical_r135i1p1f1_gr_197001-197012.nc
CMIP/INM/INM-CM5-0/historical/r1i1p1f1/Amon/ta/gr1,noUse, 2: Server not responding for: http://esgf-data3.diasjp.net/thredds/fileServer/esg_dataroot/CMIP6/CMIP/INM/INM-CM5-0/historical/r1i1p1f1/Amon/ta/gr1/v20190610/ta_Amon_INM-CM5-0_historical_r1i1p1f1_gr1_185001-185912.nc
CMIP/CCCR-IITM/IITM-ESM/historical/r1i1p1f1/Amon/ta/gn,noUse, 2: Server not responding for: http://esgf-data3.diasjp.net/thredds/fileServer/esg_dataroot/CMIP6/CMIP/CCCR-IITM/IITM-ESM/historical/r1i1p1f1/Amon/ta/gn/v20191226/ta_Amon_IITM-ESM_historical_r1i1p1f1_gn_185001-185912.nc
CMIP/INM/INM-CM5-0/historical/r1i1p1f1/Amon/ua/gr1,noUse, 2: Server not responding for: http://esgf-data3.diasjp.net/thredds/fileServer/esg_dataroot/CMIP6/CMIP/INM/INM-CM5-0/historical/r1i1p1f1/Amon/ua/gr1/v20190610/ua_Amon_INM-CM5-0_historical_r1i1p1f1_gr1_188001-188912.nc
CMIP/INM/INM-CM5-0/historical/r2i1p1f1/Amon/ta/gr1,noUse, 2: Server not responding for: http://esgf-data3.diasjp.net/thredds/fileServer/esg_dataroot/CMIP6/CMIP/INM/INM-CM5-0/historical/r2i1p1f1/Amon/ta/gr1/v20190704/ta_Amon_INM-CM5-0_historical_r2i1p1f1_gr1_185001-185912.nc
CMIP/CCCR-IITM/IITM-ESM/historical/r1i1p1f1/Amon/ua/gn,noUse, 3: netcdf download not complete
CMIP/INM/INM-CM5-0/historical/r1i1p1f1/Amon/va/gr1,noUse, 3: netcdf download not complete
CMIP/INM/INM-CM5-0/historical/r2i1p1f1/Amon/va/gr1,noUse, 3: netcdf download not complete
CMIP/MIROC/MIROC6/historical/r35i1p1f1/Amon/ua/gn,noUse, 2: Server not responding for: https://esgf-data1.llnl.gov/thredds/fileServer/css03_data/CMIP6/CMIP/MIROC/MIROC6/historical/r35i1p1f1/Amon/ua/gn/v20200519/ua_Amon_MIROC6_historical_r35i1p1f1_gn_193001-193912.nc
CMIP/INM/INM-CM5-0/historical/r1i1p1f1/Amon/ta/gr1,noUse, 2: Server not responding for: http://esgf-data3.diasjp.net/thredds/fileServer/esg_dataroot/CMIP6/CMIP/INM/INM-CM5-0/historical/r1i1p1f1/Amon/ta/gr1/v20190610/ta_Amon_INM-CM5-0_historical_r1i1p1f1_gr1_185001-185912.nc
CMIP/CCCR-IITM/IITM-ESM/historical/r1i1p1f1/Amon/ta/gn,noUse, 3: netcdf download not complete
CMIP/INM/INM-CM5-0/historical/r1i1p1f1/Amon/ua/gr1,noUse, 3: netcdf download not complete
CMIP/INM/INM-CM5-0/historical/r2i1p1f1/Amon/ta/gr1,noUse, 3: netcdf download not complete
CMIP/CCCR-IITM/IITM-ESM/historical/r1i1p1f1/Amon/ua/gn,noUse, 3: netcdf download not complete
CMIP/INM/INM-CM5-0/historical/r1i1p1f1/Amon/va/gr1,noUse, 3: netcdf download not complete
CMIP/INM/INM-CM5-0/historical/r2i1p1f1/Amon/va/gr1,noUse, 3: netcdf download not complete
CMIP/MIROC/MIROC6/historical/r20i1p1f1/Amon/ua/gn,noUse, 2: Server not responding for: https://esgf-data1.llnl.gov/thredds/fileServer/css03_data/CMIP6/CMIP/MIROC/MIROC6/historical/r20i1p1f1/Amon/ua/gn/v20200519/ua_Amon_MIROC6_historical_r20i1p1f1_gn_200001-200912.nc
CMIP/MIROC/MIROC6/historical/r46i1p1f1/Amon/ua/gn,noUse, 2: Server not responding for: https://esgf-data1.llnl.gov/thredds/fileServer/css03_data/CMIP6/CMIP/MIROC/MIROC6/historical/r46i1p1f1/Amon/ua/gn/v20200519/ua_Amon_MIROC6_historical_r46i1p1f1_gn_185001-185912.nc
CMIP/MIROC/MIROC6/historical/r24i1p1f1/Amon/ua/gn,noUse, 2: Server not responding for: https://esgf-data1.llnl.gov/thredds/fileServer/css03_data/CMIP6/CMIP/MIROC/MIROC6/historical/r24i1p1f1/Amon/ua/gn/v20200519/ua_Amon_MIROC6_historical_r24i1p1f1_gn_185001-185912.nc
CMIP/MIROC/MIROC6/historical/r47i1p1f1/Amon/ua/gn,noUse, 2: Server not responding for: https://esgf-data1.llnl.gov/thredds/fileServer/css03_data/CMIP6/CMIP/MIROC/MIROC6/historical/r47i1p1f1/Amon/ua/gn/v20200519/ua_Amon_MIROC6_historical_r47i1p1f1_gn_185001-185912.nc
CMIP/MIROC/MIROC6/historical/r32i1p1f1/Amon/ua/gn,noUse, 2: Server not responding for: https://esgf-data1.llnl.gov/thredds/fileServer/css03_data/CMIP6/CMIP/MIROC/MIROC6/historical/r32i1p1f1/Amon/ua/gn/v20200519/ua_Amon_MIROC6_historical_r32i1p1f1_gn_185001-185912.nc
