ScenarioMIP/NASA-GISS/GISS-E2-1-G/ssp245/r5i1p5f2/day/pr/gn 3: store already in cloud
ScenarioMIP/NASA-GISS/GISS-E2-1-G/ssp245/r5i1p5f2/day/pr/gn 2: store already in cloud catalog
ScenarioMIP/NASA-GISS/GISS-E2-1-G/ssp245/r5i1p5f2/day/pr/gn 2: store already in cloud catalog
ScenarioMIP/NASA-GISS/GISS-E2-1-G/ssp245/r3i1p5f2/day/pr/gn 2: store already in cloud catalog
ScenarioMIP/NASA-GISS/GISS-E2-1-G/ssp245/r9i1p5f2/day/pr/gn 2: store already in cloud catalog
ScenarioMIP/NASA-GISS/GISS-E2-1-G/ssp245/r2i1p5f2/day/pr/gn 2: store already in cloud catalog
ScenarioMIP/NASA-GISS/GISS-E2-1-G/ssp245/r7i1p5f2/day/pr/gn 2: store already in cloud catalog
ScenarioMIP/NASA-GISS/GISS-E2-1-G/ssp245/r6i1p5f2/day/pr/gn 2: store already in cloud catalog
ScenarioMIP/NASA-GISS/GISS-E2-1-G/ssp245/r4i1p5f2/day/pr/gn 2: store already in cloud catalog
ScenarioMIP/NASA-GISS/GISS-E2-1-G/ssp245/r10i1p5f2/day/pr/gn 2: store already in cloud catalog
ScenarioMIP/NASA-GISS/GISS-E2-1-G/ssp245/r1i1p5f2/day/pr/gn 2: store already in cloud catalog
ScenarioMIP/NASA-GISS/GISS-E2-1-G/ssp245/r8i1p5f2/day/pr/gn 2: store already in cloud catalog
ScenarioMIP/NASA-GISS/GISS-E2-1-G/ssp245/r6i1p5f2/day/tas/gn 2: store already in cloud catalog
ScenarioMIP/NASA-GISS/GISS-E2-1-G/ssp245/r4i1p5f2/day/tas/gn 2: store already in cloud catalog
ScenarioMIP/NASA-GISS/GISS-E2-1-G/ssp245/r3i1p5f2/day/tas/gn 2: store already in cloud catalog
ScenarioMIP/NASA-GISS/GISS-E2-1-G/ssp245/r1i1p5f2/day/tas/gn 2: store already in cloud catalog
ScenarioMIP/NASA-GISS/GISS-E2-1-G/ssp245/r10i1p5f2/day/tas/gn 2: store already in cloud catalog
ScenarioMIP/NASA-GISS/GISS-E2-1-G/ssp245/r7i1p5f2/day/tas/gn 2: store already in cloud catalog
ScenarioMIP/NASA-GISS/GISS-E2-1-G/ssp245/r8i1p5f2/day/tas/gn 2: store already in cloud catalog
ScenarioMIP/NASA-GISS/GISS-E2-1-G/ssp245/r9i1p5f2/day/tas/gn 2: store already in cloud catalog
ScenarioMIP/NASA-GISS/GISS-E2-1-G/ssp245/r2i1p5f2/day/tas/gn 2: store already in cloud catalog
ScenarioMIP/NASA-GISS/GISS-E2-1-G/ssp245/r5i1p5f2/day/tas/gn 2: store already in cloud catalog
ScenarioMIP/NASA-GISS/GISS-E2-1-G/ssp245/r6i1p5f2/day/tasmin/gn 2: store already in cloud catalog
ScenarioMIP/NASA-GISS/GISS-E2-1-G/ssp245/r8i1p5f2/day/tasmin/gn 2: store already in cloud catalog
ScenarioMIP/NASA-GISS/GISS-E2-1-G/ssp245/r7i1p5f2/day/tasmin/gn 2: store already in cloud catalog
ScenarioMIP/NASA-GISS/GISS-E2-1-G/ssp245/r5i1p5f2/day/tasmin/gn 2: store already in cloud catalog
ScenarioMIP/NASA-GISS/GISS-E2-1-G/ssp245/r8i1p5f2/day/tasmax/gn 2: store already in cloud catalog
ScenarioMIP/NASA-GISS/GISS-E2-1-G/ssp245/r3i1p5f2/day/tasmin/gn 2: store already in cloud catalog
ScenarioMIP/NASA-GISS/GISS-E2-1-G/ssp245/r1i1p5f2/day/tasmin/gn 2: store already in cloud catalog
ScenarioMIP/NASA-GISS/GISS-E2-1-G/ssp245/r10i1p5f2/day/tasmin/gn 2: store already in cloud catalog
ScenarioMIP/NASA-GISS/GISS-E2-1-G/ssp245/r9i1p5f2/day/tasmin/gn 2: store already in cloud catalog
ScenarioMIP/NASA-GISS/GISS-E2-1-G/ssp245/r4i1p5f2/day/tasmin/gn 2: store already in cloud catalog
ScenarioMIP/NASA-GISS/GISS-E2-1-G/ssp245/r2i1p5f2/day/tasmin/gn 2: store already in cloud catalog
ScenarioMIP/NASA-GISS/GISS-E2-1-G/ssp245/r3i1p5f2/day/tasmax/gn 2: store already in cloud catalog
ScenarioMIP/NASA-GISS/GISS-E2-1-G/ssp245/r9i1p5f2/day/tasmax/gn 2: store already in cloud catalog
ScenarioMIP/NASA-GISS/GISS-E2-1-G/ssp245/r2i1p5f2/day/tasmax/gn 2: store already in cloud catalog
ScenarioMIP/NASA-GISS/GISS-E2-1-G/ssp245/r10i1p5f2/day/tasmax/gn 2: store already in cloud catalog
ScenarioMIP/NASA-GISS/GISS-E2-1-G/ssp245/r1i1p5f2/day/tasmax/gn 2: store already in cloud catalog
ScenarioMIP/NASA-GISS/GISS-E2-1-G/ssp245/r7i1p5f2/day/tasmax/gn 2: store already in cloud catalog
ScenarioMIP/NASA-GISS/GISS-E2-1-G/ssp245/r5i1p5f2/day/tasmax/gn 2: store already in cloud catalog
ScenarioMIP/NASA-GISS/GISS-E2-1-G/ssp245/r6i1p5f2/day/tasmax/gn 2: store already in cloud catalog
ScenarioMIP/NASA-GISS/GISS-E2-1-G/ssp245/r4i1p5f2/day/tasmax/gn 2: store already in cloud catalog
ScenarioMIP/MOHC/HadGEM3-GC31-LL/ssp245/r2i1p1f3/day/uas/gn 2: store already in cloud catalog
ScenarioMIP/MOHC/HadGEM3-GC31-LL/ssp245/r3i1p1f3/day/uas/gn 2: store already in cloud catalog
ScenarioMIP/MOHC/HadGEM3-GC31-LL/ssp245/r4i1p1f3/day/uas/gn 2: store already in cloud catalog
ScenarioMIP/MOHC/HadGEM3-GC31-LL/ssp245/r3i1p1f3/day/vas/gn 2: store already in cloud catalog
ScenarioMIP/MOHC/HadGEM3-GC31-LL/ssp245/r4i1p1f3/day/vas/gn 2: store already in cloud catalog
ScenarioMIP/MOHC/HadGEM3-GC31-LL/ssp245/r2i1p1f3/day/vas/gn 2: store already in cloud catalog
CMIP/NIMS-KMA/UKESM1-0-LL/historical/r13i1p1f2/day/uas/gn 2: store already in cloud catalog
CMIP/NIMS-KMA/UKESM1-0-LL/historical/r13i1p1f2/day/vas/gn 2: store already in cloud catalog
AerChemMIP/BCC/BCC-ESM1/ssp370/r1i1p1f1/day/vas/gn 2: store already in cloud catalog
AerChemMIP/BCC/BCC-ESM1/ssp370/r3i1p1f1/day/vas/gn 2: store already in cloud catalog
AerChemMIP/BCC/BCC-ESM1/ssp370/r2i1p1f1/day/vas/gn 2: store already in cloud catalog
AerChemMIP/BCC/BCC-ESM1/ssp370/r3i1p1f1/day/uas/gn 2: store already in cloud catalog
AerChemMIP/BCC/BCC-ESM1/ssp370/r1i1p1f1/day/uas/gn 2: store already in cloud catalog
AerChemMIP/BCC/BCC-ESM1/ssp370/r2i1p1f1/day/uas/gn 2: store already in cloud catalog
ScenarioMIP/MOHC/UKESM1-0-LL/ssp245/r10i1p1f2/day/tas/gn 2: store already in cloud catalog
ScenarioMIP/MOHC/UKESM1-0-LL/ssp245/r11i1p1f2/day/tas/gn 2: store already in cloud catalog
ScenarioMIP/MOHC/UKESM1-0-LL/ssp245/r5i1p1f2/day/tas/gn 2: store already in cloud catalog
ScenarioMIP/MOHC/UKESM1-0-LL/ssp245/r9i1p1f2/day/tas/gn 2: store already in cloud catalog
ScenarioMIP/MOHC/UKESM1-0-LL/ssp245/r18i1p1f2/day/tas/gn 2: store already in cloud catalog
ScenarioMIP/MOHC/UKESM1-0-LL/ssp245/r17i1p1f2/day/tas/gn 2: store already in cloud catalog
ScenarioMIP/MOHC/UKESM1-0-LL/ssp245/r6i1p1f2/day/tas/gn 2: store already in cloud catalog
ScenarioMIP/MOHC/UKESM1-0-LL/ssp245/r12i1p1f2/day/tas/gn 2: store already in cloud catalog
ScenarioMIP/MOHC/UKESM1-0-LL/ssp245/r7i1p1f2/day/tas/gn 2: store already in cloud catalog
ScenarioMIP/MOHC/UKESM1-0-LL/ssp245/r19i1p1f2/day/tas/gn 2: store already in cloud catalog
ScenarioMIP/MOHC/UKESM1-0-LL/ssp245/r10i1p1f2/day/tasmax/gn 2: store already in cloud catalog
ScenarioMIP/MOHC/UKESM1-0-LL/ssp245/r11i1p1f2/day/tasmax/gn 2: store already in cloud catalog
ScenarioMIP/MOHC/UKESM1-0-LL/ssp245/r5i1p1f2/day/tasmax/gn 2: store already in cloud catalog
ScenarioMIP/MOHC/UKESM1-0-LL/ssp245/r17i1p1f2/day/tasmax/gn 2: store already in cloud catalog
ScenarioMIP/MOHC/UKESM1-0-LL/ssp245/r9i1p1f2/day/tasmax/gn 2: store already in cloud catalog
ScenarioMIP/MOHC/UKESM1-0-LL/ssp245/r6i1p1f2/day/tasmax/gn 2: store already in cloud catalog
ScenarioMIP/MOHC/UKESM1-0-LL/ssp245/r18i1p1f2/day/tasmax/gn 2: store already in cloud catalog
ScenarioMIP/MOHC/UKESM1-0-LL/ssp245/r12i1p1f2/day/tasmax/gn 2: store already in cloud catalog
ScenarioMIP/MOHC/UKESM1-0-LL/ssp245/r7i1p1f2/day/tasmax/gn 2: store already in cloud catalog
ScenarioMIP/MOHC/UKESM1-0-LL/ssp245/r19i1p1f2/day/tasmax/gn 2: store already in cloud catalog
ScenarioMIP/MOHC/UKESM1-0-LL/ssp245/r10i1p1f2/day/tasmin/gn 2: store already in cloud catalog
ScenarioMIP/MOHC/UKESM1-0-LL/ssp245/r11i1p1f2/day/tasmin/gn 2: store already in cloud catalog
ScenarioMIP/MOHC/UKESM1-0-LL/ssp245/r9i1p1f2/day/tasmin/gn 2: store already in cloud catalog
ScenarioMIP/MOHC/UKESM1-0-LL/ssp245/r5i1p1f2/day/tasmin/gn 2: store already in cloud catalog
ScenarioMIP/MOHC/UKESM1-0-LL/ssp245/r18i1p1f2/day/tasmin/gn 2: store already in cloud catalog
ScenarioMIP/MOHC/UKESM1-0-LL/ssp245/r6i1p1f2/day/tasmin/gn 2: store already in cloud catalog
ScenarioMIP/MOHC/UKESM1-0-LL/ssp245/r17i1p1f2/day/tasmin/gn 2: store already in cloud catalog
ScenarioMIP/MOHC/UKESM1-0-LL/ssp245/r12i1p1f2/day/tasmin/gn 2: store already in cloud catalog
ScenarioMIP/MOHC/UKESM1-0-LL/ssp245/r7i1p1f2/day/tasmin/gn 2: store already in cloud catalog
ScenarioMIP/MOHC/UKESM1-0-LL/ssp245/r19i1p1f2/day/tasmin/gn 2: store already in cloud catalog
ScenarioMIP/HAMMOZ-Consortium/MPI-ESM-1-2-HAM/ssp370/r2i1p1f1/day/uas/gn 2: store already in cloud catalog
ScenarioMIP/HAMMOZ-Consortium/MPI-ESM-1-2-HAM/ssp370/r2i1p1f1/day/vas/gn 2: store already in cloud catalog
ScenarioMIP/MIROC/MIROC-ES2L/ssp585/r1i1p1f2/day/uas/gn 2: store already in cloud catalog
ScenarioMIP/MIROC/MIROC-ES2L/ssp370/r1i1p1f2/day/uas/gn 2: store already in cloud catalog
ScenarioMIP/MIROC/MIROC-ES2L/ssp126/r1i1p1f2/day/uas/gn 2: store already in cloud catalog
ScenarioMIP/MIROC/MIROC-ES2L/ssp126/r3i1p1f2/day/uas/gn 2: store already in cloud catalog
ScenarioMIP/MIROC/MIROC-ES2L/ssp126/r2i1p1f2/day/uas/gn 2: store already in cloud catalog
ScenarioMIP/MIROC/MIROC-ES2L/ssp370/r1i1p1f2/day/vas/gn 2: store already in cloud catalog
ScenarioMIP/MIROC/MIROC-ES2L/ssp585/r1i1p1f2/day/vas/gn 2: store already in cloud catalog
ScenarioMIP/MIROC/MIROC-ES2L/ssp126/r3i1p1f2/day/vas/gn 2: store already in cloud catalog
ScenarioMIP/MIROC/MIROC-ES2L/ssp126/r1i1p1f2/day/vas/gn 2: store already in cloud catalog
ScenarioMIP/MIROC/MIROC-ES2L/ssp126/r2i1p1f2/day/vas/gn 2: store already in cloud catalog
ScenarioMIP/CCCma/CanESM5/ssp370/r16i1p1f1/day/vas/gn 2: store already in cloud catalog
ScenarioMIP/CCCma/CanESM5/ssp370/r23i1p1f1/day/vas/gn 2: store already in cloud catalog
ScenarioMIP/CCCma/CanESM5/ssp370/r16i1p2f1/day/vas/gn 2: store already in cloud catalog
ScenarioMIP/CCCma/CanESM5/ssp370/r15i1p1f1/day/vas/gn 2: store already in cloud catalog
ScenarioMIP/CCCma/CanESM5/ssp585/r17i1p2f1/day/vas/gn 2: store already in cloud catalog
ScenarioMIP/CCCma/CanESM5/ssp585/r11i1p1f1/day/vas/gn 2: store already in cloud catalog
ScenarioMIP/CCCma/CanESM5/ssp585/r20i1p1f1/day/vas/gn 2: store already in cloud catalog
ScenarioMIP/CCCma/CanESM5/ssp585/r16i1p2f1/day/vas/gn 2: store already in cloud catalog
ScenarioMIP/CCCma/CanESM5/ssp245/r21i1p2f1/day/vas/gn 2: store already in cloud catalog
ScenarioMIP/CCCma/CanESM5/ssp126/r13i1p1f1/day/vas/gn 2: store already in cloud catalog
ScenarioMIP/CCCma/CanESM5/ssp370/r21i1p1f1/day/vas/gn 2: store already in cloud catalog
ScenarioMIP/CCCma/CanESM5/ssp585/r23i1p1f1/day/vas/gn 2: store already in cloud catalog
ScenarioMIP/CCCma/CanESM5/ssp245/r25i1p2f1/day/vas/gn 2: store already in cloud catalog
ScenarioMIP/CCCma/CanESM5/ssp370/r17i1p1f1/day/vas/gn 2: store already in cloud catalog
ScenarioMIP/CCCma/CanESM5/ssp370/r25i1p2f1/day/vas/gn 2: store already in cloud catalog
ScenarioMIP/CCCma/CanESM5/ssp245/r23i1p1f1/day/vas/gn 2: store already in cloud catalog
ScenarioMIP/CCCma/CanESM5/ssp126/r19i1p2f1/day/vas/gn 2: store already in cloud catalog
ScenarioMIP/CCCma/CanESM5/ssp585/r19i1p1f1/day/vas/gn 2: store already in cloud catalog
ScenarioMIP/CCCma/CanESM5/ssp245/r25i1p1f1/day/vas/gn 2: store already in cloud catalog
ScenarioMIP/CCCma/CanESM5/ssp585/r15i1p2f1/day/vas/gn 2: store already in cloud catalog
ScenarioMIP/CCCma/CanESM5/ssp245/r11i1p2f1/day/vas/gn 2: store already in cloud catalog
ScenarioMIP/CCCma/CanESM5/ssp370/r13i1p2f1/day/vas/gn 2: store already in cloud catalog
ScenarioMIP/CCCma/CanESM5/ssp245/r18i1p1f1/day/vas/gn 2: store already in cloud catalog
ScenarioMIP/CCCma/CanESM5/ssp585/r17i1p1f1/day/vas/gn 2: store already in cloud catalog
ScenarioMIP/CCCma/CanESM5/ssp370/r14i1p2f1/day/vas/gn 2: store already in cloud catalog
ScenarioMIP/CCCma/CanESM5/ssp585/r11i1p2f1/day/vas/gn 2: store already in cloud catalog
ScenarioMIP/CCCma/CanESM5/ssp585/r22i1p2f1/day/vas/gn 2: store already in cloud catalog
ScenarioMIP/CCCma/CanESM5/ssp370/r22i1p2f1/day/vas/gn 2: store already in cloud catalog
ScenarioMIP/CCCma/CanESM5/ssp126/r12i1p2f1/day/vas/gn 2: store already in cloud catalog
ScenarioMIP/CCCma/CanESM5/ssp585/r13i1p1f1/day/vas/gn 2: store already in cloud catalog
ScenarioMIP/CCCma/CanESM5/ssp245/r17i1p2f1/day/vas/gn 2: store already in cloud catalog
ScenarioMIP/CCCma/CanESM5/ssp370/r24i1p1f1/day/vas/gn 2: store already in cloud catalog
ScenarioMIP/CCCma/CanESM5/ssp245/r22i1p2f1/day/vas/gn 2: store already in cloud catalog
ScenarioMIP/CCCma/CanESM5/ssp370/r23i1p2f1/day/vas/gn 2: store already in cloud catalog
ScenarioMIP/CCCma/CanESM5/ssp370/r12i1p2f1/day/vas/gn 2: store already in cloud catalog
ScenarioMIP/CCCma/CanESM5/ssp370/r19i1p2f1/day/vas/gn 2: store already in cloud catalog
ScenarioMIP/CCCma/CanESM5/ssp245/r22i1p1f1/day/vas/gn 2: store already in cloud catalog
ScenarioMIP/CCCma/CanESM5/ssp585/r20i1p2f1/day/vas/gn 2: store already in cloud catalog
ScenarioMIP/CCCma/CanESM5/ssp585/r24i1p2f1/day/vas/gn 2: store already in cloud catalog
ScenarioMIP/CCCma/CanESM5/ssp370/r17i1p2f1/day/vas/gn 2: store already in cloud catalog
ScenarioMIP/CCCma/CanESM5/ssp585/r14i1p2f1/day/vas/gn 2: store already in cloud catalog
ScenarioMIP/CCCma/CanESM5/ssp245/r13i1p2f1/day/vas/gn 2: store already in cloud catalog
ScenarioMIP/CCCma/CanESM5/ssp585/r12i1p1f1/day/vas/gn 2: store already in cloud catalog
ScenarioMIP/CCCma/CanESM5/ssp585/r19i1p2f1/day/vas/gn 2: store already in cloud catalog
ScenarioMIP/CCCma/CanESM5/ssp126/r21i1p2f1/day/vas/gn 2: store already in cloud catalog
ScenarioMIP/CCCma/CanESM5/ssp126/r18i1p2f1/day/vas/gn 2: store already in cloud catalog
ScenarioMIP/CCCma/CanESM5/ssp370/r25i1p1f1/day/vas/gn 2: store already in cloud catalog
ScenarioMIP/CCCma/CanESM5/ssp126/r19i1p1f1/day/vas/gn 2: store already in cloud catalog
ScenarioMIP/CCCma/CanESM5/ssp370/r12i1p1f1/day/vas/gn 2: store already in cloud catalog
ScenarioMIP/CCCma/CanESM5/ssp585/r23i1p2f1/day/vas/gn 2: store already in cloud catalog
ScenarioMIP/CCCma/CanESM5/ssp370/r11i1p2f1/day/vas/gn 2: store already in cloud catalog
ScenarioMIP/CCCma/CanESM5/ssp585/r13i1p2f1/day/vas/gn 2: store already in cloud catalog
ScenarioMIP/CCCma/CanESM5/ssp370/r18i1p2f1/day/vas/gn 2: store already in cloud catalog
ScenarioMIP/CCCma/CanESM5/ssp126/r11i1p1f1/day/vas/gn 2: store already in cloud catalog
ScenarioMIP/CCCma/CanESM5/ssp585/r18i1p2f1/day/vas/gn 2: store already in cloud catalog
ScenarioMIP/CCCma/CanESM5/ssp585/r24i1p1f1/day/vas/gn 2: store already in cloud catalog
ScenarioMIP/CCCma/CanESM5/ssp245/r24i1p1f1/day/vas/gn 2: store already in cloud catalog
ScenarioMIP/CCCma/CanESM5/ssp585/r25i1p1f1/day/vas/gn 2: store already in cloud catalog
ScenarioMIP/CCCma/CanESM5/ssp126/r24i1p2f1/day/vas/gn 2: store already in cloud catalog
ScenarioMIP/CCCma/CanESM5/ssp245/r19i1p1f1/day/vas/gn 2: store already in cloud catalog
ScenarioMIP/CCCma/CanESM5/ssp126/r18i1p1f1/day/vas/gn 2: store already in cloud catalog
ScenarioMIP/CCCma/CanESM5/ssp370/r13i1p1f1/day/vas/gn 2: store already in cloud catalog
ScenarioMIP/CCCma/CanESM5/ssp585/r22i1p1f1/day/vas/gn 2: store already in cloud catalog
ScenarioMIP/CCCma/CanESM5/ssp370/r14i1p1f1/day/vas/gn 3: store already in cloud
ScenarioMIP/CCCma/CanESM5/ssp585/r21i1p1f1/day/vas/gn 3: store already in cloud
ScenarioMIP/CCCma/CanESM5/ssp370/r18i1p1f1/day/vas/gn 3: store already in cloud
ScenarioMIP/CCCma/CanESM5/ssp126/r14i1p2f1/day/vas/gn 3: store already in cloud
ScenarioMIP/CCCma/CanESM5/ssp245/r14i1p2f1/day/vas/gn 3: store already in cloud
ScenarioMIP/CCCma/CanESM5/ssp370/r22i1p1f1/day/vas/gn 3: store already in cloud
ScenarioMIP/CCCma/CanESM5/ssp585/r18i1p1f1/day/vas/gn 3: store already in cloud
ScenarioMIP/CCCma/CanESM5/ssp126/r12i1p1f1/day/vas/gn 3: store already in cloud
ScenarioMIP/CCCma/CanESM5/ssp370/r15i1p2f1/day/vas/gn 3: store already in cloud
ScenarioMIP/CCCma/CanESM5/ssp126/r16i1p1f1/day/vas/gn 3: store already in cloud
ScenarioMIP/CCCma/CanESM5/ssp126/r25i1p1f1/day/vas/gn 3: store already in cloud
ScenarioMIP/CCCma/CanESM5/ssp370/r21i1p2f1/day/vas/gn 3: store already in cloud
ScenarioMIP/CCCma/CanESM5/ssp370/r20i1p2f1/day/vas/gn 3: store already in cloud
ScenarioMIP/CCCma/CanESM5/ssp245/r12i1p2f1/day/vas/gn 3: store already in cloud
ScenarioMIP/CCCma/CanESM5/ssp585/r25i1p2f1/day/vas/gn 3: store already in cloud
ScenarioMIP/CCCma/CanESM5/ssp126/r15i1p1f1/day/vas/gn 3: store already in cloud
ScenarioMIP/CCCma/CanESM5/ssp126/r11i1p2f1/day/vas/gn 3: store already in cloud
ScenarioMIP/CCCma/CanESM5/ssp370/r24i1p2f1/day/vas/gn 3: store already in cloud
ScenarioMIP/CCCma/CanESM5/ssp126/r15i1p2f1/day/vas/gn 3: store already in cloud
ScenarioMIP/CCCma/CanESM5/ssp126/r16i1p2f1/day/vas/gn 3: store already in cloud
ScenarioMIP/CCCma/CanESM5/ssp126/r14i1p1f1/day/vas/gn 3: store already in cloud
ScenarioMIP/CCCma/CanESM5/ssp585/r15i1p1f1/day/vas/gn 3: store already in cloud
ScenarioMIP/CCCma/CanESM5/ssp370/r20i1p1f1/day/vas/gn 3: store already in cloud
ScenarioMIP/CCCma/CanESM5/ssp245/r17i1p1f1/day/vas/gn 3: store already in cloud
ScenarioMIP/CCCma/CanESM5/ssp245/r16i1p1f1/day/vas/gn 3: store already in cloud
ScenarioMIP/CCCma/CanESM5/ssp370/r19i1p1f1/day/vas/gn 3: store already in cloud
ScenarioMIP/CCCma/CanESM5/ssp585/r21i1p2f1/day/vas/gn 3: store already in cloud
