CMIP/NASA-GISS/GISS-E2-1-G/historical/r7i1p3f1/Amon/ps/gn 1: noUse in codes
CMIP/EC-Earth-Consortium/EC-Earth3/historical/r3i1p1f1/Amon/ps/gr 1: noUse in codes
CMIP/NASA-GISS/GISS-E2-1-G/historical/r7i1p3f1/Amon/ps/gn 1: noUse in codes
CMIP/MIROC/MIROC-ES2L/historical/r6i1p1f2/Amon/ta/gn 3: store already in cloud
CMIP/MIROC/MIROC-ES2L/historical/r7i1p1f2/Amon/ta/gn 3: store already in cloud
CMIP/MIROC/MIROC-ES2L/historical/r5i1p1f2/Amon/ta/gn 3: store already in cloud
CMIP/MIROC/MIROC-ES2L/historical/r10i1p1f2/Amon/ta/gn 3: store already in cloud
CMIP/MIROC/MIROC-ES2L/historical/r9i1p1f2/Amon/ta/gn 3: store already in cloud
CMIP/MIROC/MIROC-ES2L/historical/r4i1p1f2/Amon/ta/gn 3: store already in cloud
CMIP/MIROC/MIROC-ES2L/historical/r8i1p1f2/Amon/ta/gn 3: store already in cloud
CMIP/NCAR/CESM2-WACCM-FV2/historical/r2i1p1f1/Amon/ta/gn 3: store already in cloud
CMIP/EC-Earth-Consortium/EC-Earth3/historical/r3i1p1f1/Amon/ps/gr 1: noUse in codes
CMIP/MIROC/MIROC-ES2L/historical/r5i1p1f2/Amon/ua/gn 3: store already in cloud
CMIP/MIROC/MIROC-ES2L/historical/r6i1p1f2/Amon/ua/gn 3: store already in cloud
CMIP/MIROC/MIROC-ES2L/historical/r8i1p1f2/Amon/ua/gn 3: store already in cloud
CMIP/MIROC/MIROC-ES2L/historical/r7i1p1f2/Amon/ua/gn 3: store already in cloud
CMIP/MIROC/MIROC-ES2L/historical/r9i1p1f2/Amon/ua/gn 3: store already in cloud
CMIP/NASA-GISS/GISS-E2-1-G/historical/r7i1p3f1/Amon/ps/gn 1: noUse in codes
CMIP/MIROC/MIROC-ES2L/historical/r6i1p1f2/Amon/ta/gn 3: store already in cloud
CMIP/MIROC/MIROC-ES2L/historical/r7i1p1f2/Amon/ta/gn 3: store already in cloud
CMIP/MIROC/MIROC-ES2L/historical/r5i1p1f2/Amon/ta/gn 3: store already in cloud
CMIP/MIROC/MIROC-ES2L/historical/r10i1p1f2/Amon/ta/gn 3: store already in cloud
CMIP/MIROC/MIROC-ES2L/historical/r9i1p1f2/Amon/ta/gn 3: store already in cloud
CMIP/MIROC/MIROC-ES2L/historical/r4i1p1f2/Amon/ta/gn 3: store already in cloud
CMIP/MIROC/MIROC-ES2L/historical/r8i1p1f2/Amon/ta/gn 3: store already in cloud
CMIP/NCAR/CESM2-WACCM-FV2/historical/r2i1p1f1/Amon/ta/gn 3: store already in cloud
CMIP/EC-Earth-Consortium/EC-Earth3/historical/r3i1p1f1/Amon/ps/gr 1: noUse in codes
CMIP/MIROC/MIROC-ES2L/historical/r5i1p1f2/Amon/ua/gn 3: store already in cloud
CMIP/MIROC/MIROC-ES2L/historical/r6i1p1f2/Amon/ua/gn 3: store already in cloud
CMIP/MIROC/MIROC-ES2L/historical/r8i1p1f2/Amon/ua/gn 3: store already in cloud
CMIP/MIROC/MIROC-ES2L/historical/r7i1p1f2/Amon/ua/gn 3: store already in cloud
CMIP/MIROC/MIROC-ES2L/historical/r9i1p1f2/Amon/ua/gn 3: store already in cloud
CMIP/MIROC/MIROC-ES2L/historical/r4i1p1f2/Amon/ua/gn 3: store already in cloud
CMIP/MIROC/MIROC-ES2L/historical/r8i1p1f2/Amon/va/gn 3: store already in cloud
CMIP/MIROC/MIROC-ES2L/historical/r4i1p1f2/Amon/va/gn 3: store already in cloud
CMIP/NASA-GISS/GISS-E2-1-G/historical/r7i1p3f1/Amon/ps/gn 1: noUse in codes
CMIP/MIROC/MIROC-ES2L/historical/r6i1p1f2/Amon/ta/gn 3: store already in cloud
CMIP/MIROC/MIROC-ES2L/historical/r7i1p1f2/Amon/ta/gn 3: store already in cloud
CMIP/MIROC/MIROC-ES2L/historical/r5i1p1f2/Amon/ta/gn 3: store already in cloud
CMIP/MIROC/MIROC-ES2L/historical/r10i1p1f2/Amon/ta/gn 3: store already in cloud
CMIP/MIROC/MIROC-ES2L/historical/r9i1p1f2/Amon/ta/gn 3: store already in cloud
CMIP/MIROC/MIROC-ES2L/historical/r4i1p1f2/Amon/ta/gn 3: store already in cloud
CMIP/MIROC/MIROC-ES2L/historical/r8i1p1f2/Amon/ta/gn 3: store already in cloud
CMIP/NCAR/CESM2-WACCM-FV2/historical/r2i1p1f1/Amon/ta/gn 3: store already in cloud
CMIP/EC-Earth-Consortium/EC-Earth3/historical/r3i1p1f1/Amon/ps/gr 1: noUse in codes
CMIP/MIROC/MIROC-ES2L/historical/r5i1p1f2/Amon/ua/gn 3: store already in cloud
CMIP/MIROC/MIROC-ES2L/historical/r6i1p1f2/Amon/ua/gn 3: store already in cloud
CMIP/MIROC/MIROC-ES2L/historical/r8i1p1f2/Amon/ua/gn 3: store already in cloud
CMIP/MIROC/MIROC-ES2L/historical/r7i1p1f2/Amon/ua/gn 3: store already in cloud
CMIP/MIROC/MIROC-ES2L/historical/r9i1p1f2/Amon/ua/gn 3: store already in cloud
CMIP/MIROC/MIROC-ES2L/historical/r4i1p1f2/Amon/ua/gn 3: store already in cloud
CMIP/MIROC/MIROC-ES2L/historical/r8i1p1f2/Amon/va/gn 3: store already in cloud
CMIP/MIROC/MIROC-ES2L/historical/r4i1p1f2/Amon/va/gn 3: store already in cloud
CMIP/MIROC/MIROC-ES2L/historical/r7i1p1f2/Amon/va/gn 3: store already in cloud
CMIP/MIROC/MIROC-ES2L/historical/r6i1p1f2/Amon/va/gn 3: store already in cloud
CMIP/MIROC/MIROC-ES2L/historical/r5i1p1f2/Amon/va/gn 3: store already in cloud
CMIP/MIROC/MIROC-ES2L/historical/r9i1p1f2/Amon/va/gn 3: store already in cloud
CMIP/CCCma/CanESM5/historical/r36i1p2f1/Amon/ta/gn 3: store already in cloud
CMIP/CCCma/CanESM5/historical/r32i1p2f1/Amon/ta/gn 3: store already in cloud
CMIP/CCCma/CanESM5/historical/r30i1p2f1/Amon/ta/gn 3: store already in cloud
CMIP/CCCma/CanESM5/historical/r28i1p2f1/Amon/ta/gn 3: store already in cloud
CMIP/CCCma/CanESM5/historical/r40i1p2f1/Amon/ta/gn 3: store already in cloud
CMIP/CCCma/CanESM5/historical/r27i1p2f1/Amon/ta/gn 3: store already in cloud
CMIP/CCCma/CanESM5/historical/r31i1p2f1/Amon/ta/gn 3: store already in cloud
CMIP/CCCma/CanESM5/historical/r34i1p2f1/Amon/ta/gn 3: store already in cloud
CMIP/CCCma/CanESM5/historical/r33i1p2f1/Amon/ta/gn 3: store already in cloud
CMIP/CCCma/CanESM5/historical/r39i1p2f1/Amon/ta/gn 3: store already in cloud
CMIP/CCCma/CanESM5/historical/r38i1p2f1/Amon/ta/gn 3: store already in cloud
CMIP/CCCma/CanESM5/historical/r35i1p2f1/Amon/ta/gn 3: store already in cloud
CMIP/CCCma/CanESM5/historical/r29i1p2f1/Amon/ta/gn 3: store already in cloud
CMIP/CCCma/CanESM5/historical/r26i1p2f1/Amon/ta/gn 3: store already in cloud
CMIP/CCCma/CanESM5/historical/r37i1p2f1/Amon/ta/gn 3: store already in cloud
CMIP/NCAR/CESM2-WACCM-FV2/historical/r2i1p1f1/Amon/ua/gn 3: store already in cloud
CMIP/NCAR/CESM2-FV2/historical/r2i1p1f1/Amon/ta/gn 3: store already in cloud
CMIP/NCAR/CESM2-FV2/historical/r3i1p1f1/Amon/ta/gn 3: store already in cloud
CMIP/NCAR/CESM2-WACCM-FV2/historical/r3i1p1f1/Amon/ta/gn 3: store already in cloud
