20201207-1512: CMIP/NASA-GISS/GISS-E2-1-G/historical/r7i1p3f1/Amon/psl/gn with error 1: noUse in codes
20201207-1512: CMIP/NASA-GISS/GISS-E2-1-G/historical/r7i1p3f1/Amon/pr/gn with error 1: noUse in codes
20201207-1512: CMIP/NASA-GISS/GISS-E2-1-G/historical/r7i1p3f1/Amon/ts/gn with error 1: noUse in codes
20201207-1512: CMIP/NASA-GISS/GISS-E2-1-G/historical/r7i1p3f1/Amon/prc/gn with error 1: noUse in codes
20201207-1512: CMIP/NASA-GISS/GISS-E2-1-G/historical/r7i1p3f1/Amon/ps/gn with error 1: noUse in codes
20201207-1512: CMIP/NASA-GISS/GISS-E2-1-G/historical/r7i1p3f1/Amon/evspsbl/gn with error 1: noUse in codes
20201207-1512: CMIP/NASA-GISS/GISS-E2-1-G/historical/r7i1p3f1/Amon/sfcWind/gn with error 1: noUse in codes
20201207-1512: CMIP/NASA-GISS/GISS-E2-1-G/historical/r7i1p3f1/Amon/vas/gn with error 1: noUse in codes
20201207-1512: CMIP/NASA-GISS/GISS-E2-1-G/historical/r7i1p3f1/Amon/tas/gn with error 1: noUse in codes
20201207-1512: CMIP/NASA-GISS/GISS-E2-1-G/historical/r7i1p3f1/Amon/uas/gn with error 1: noUse in codes
20201207-1512: CMIP/NASA-GISS/GISS-E2-1-G/historical/r7i1p3f1/Amon/hfls/gn with error 1: noUse in codes
20201207-1512: CMIP/EC-Earth-Consortium/EC-Earth3/historical/r24i1p1f1/Amon/psl/gr with error 1: noUse in codes
20201207-1512: CMIP/EC-Earth-Consortium/EC-Earth3/historical/r3i1p1f1/Amon/ps/gr with error 1: noUse in codes
20201207-1515: CMIP/EC-Earth-Consortium/EC-Earth3/historical/r20i1p1f1/Amon/pr/gr with error 1: noUse in codes
20201207-1518: CMIP/NASA-GISS/GISS-E2-1-G/historical/r7i1p3f1/Amon/psl/gn with error 1: noUse in codes
20201207-1518: CMIP/NASA-GISS/GISS-E2-1-G/historical/r7i1p3f1/Amon/pr/gn with error 1: noUse in codes
20201207-1518: CMIP/NASA-GISS/GISS-E2-1-G/historical/r7i1p3f1/Amon/ts/gn with error 1: noUse in codes
20201207-1518: CMIP/NASA-GISS/GISS-E2-1-G/historical/r7i1p3f1/Amon/prc/gn with error 1: noUse in codes
20201207-1518: CMIP/NASA-GISS/GISS-E2-1-G/historical/r7i1p3f1/Amon/ps/gn with error 1: noUse in codes
20201207-1518: CMIP/NASA-GISS/GISS-E2-1-G/historical/r7i1p3f1/Amon/evspsbl/gn with error 1: noUse in codes
20201207-1518: CMIP/NASA-GISS/GISS-E2-1-G/historical/r7i1p3f1/Amon/sfcWind/gn with error 1: noUse in codes
20201207-1518: CMIP/NASA-GISS/GISS-E2-1-G/historical/r7i1p3f1/Amon/vas/gn with error 1: noUse in codes
20201207-1518: CMIP/NASA-GISS/GISS-E2-1-G/historical/r7i1p3f1/Amon/tas/gn with error 1: noUse in codes
20201207-1518: CMIP/NASA-GISS/GISS-E2-1-G/historical/r7i1p3f1/Amon/uas/gn with error 1: noUse in codes
20201207-1518: CMIP/NASA-GISS/GISS-E2-1-G/historical/r7i1p3f1/Amon/hfls/gn with error 1: noUse in codes
20201207-1518: CMIP/EC-Earth-Consortium/EC-Earth3/historical/r24i1p1f1/Amon/psl/gr with error 1: noUse in codes
20201207-1518: CMIP/EC-Earth-Consortium/EC-Earth3/historical/r3i1p1f1/Amon/ps/gr with error 1: noUse in codes
20201207-1518: CMIP/EC-Earth-Consortium/EC-Earth3/historical/r20i1p1f1/Amon/pr/gr with error 1: noUse in codes
20201207-1523: CMIP/EC-Earth-Consortium/EC-Earth3/historical/r24i1p1f1/Amon/vas/gr with error 1: noUse in codes
