1/753: CMIP/MIROC/MIROC-ES2L/historical/r6i1p1f2/Amon/ta/gn saved to gs://cmip6/CMIP/MIROC/MIROC-ES2L/historical/r6i1p1f2/Amon/ta/gn
2/753: CMIP/MIROC/MIROC-ES2L/historical/r7i1p1f2/Amon/ta/gn saved to gs://cmip6/CMIP/MIROC/MIROC-ES2L/historical/r7i1p1f2/Amon/ta/gn
3/753: CMIP/MIROC/MIROC-ES2L/historical/r5i1p1f2/Amon/ta/gn saved to gs://cmip6/CMIP/MIROC/MIROC-ES2L/historical/r5i1p1f2/Amon/ta/gn
4/753: CMIP/MIROC/MIROC-ES2L/historical/r10i1p1f2/Amon/ta/gn saved to gs://cmip6/CMIP/MIROC/MIROC-ES2L/historical/r10i1p1f2/Amon/ta/gn
5/753: CMIP/MIROC/MIROC-ES2L/historical/r9i1p1f2/Amon/ta/gn saved to gs://cmip6/CMIP/MIROC/MIROC-ES2L/historical/r9i1p1f2/Amon/ta/gn
6/753: CMIP/MIROC/MIROC-ES2L/historical/r4i1p1f2/Amon/ta/gn saved to gs://cmip6/CMIP/MIROC/MIROC-ES2L/historical/r4i1p1f2/Amon/ta/gn
7/753: CMIP/MIROC/MIROC-ES2L/historical/r8i1p1f2/Amon/ta/gn saved to gs://cmip6/CMIP/MIROC/MIROC-ES2L/historical/r8i1p1f2/Amon/ta/gn
8/753: CMIP/NCAR/CESM2-WACCM-FV2/historical/r2i1p1f1/Amon/ta/gn saved to gs://cmip6/CMIP/NCAR/CESM2-WACCM-FV2/historical/r2i1p1f1/Amon/ta/gn
10/753: CMIP/MIROC/MIROC-ES2L/historical/r5i1p1f2/Amon/ua/gn saved to gs://cmip6/CMIP/MIROC/MIROC-ES2L/historical/r5i1p1f2/Amon/ua/gn
11/753: CMIP/MIROC/MIROC-ES2L/historical/r6i1p1f2/Amon/ua/gn saved to gs://cmip6/CMIP/MIROC/MIROC-ES2L/historical/r6i1p1f2/Amon/ua/gn
12/753: CMIP/MIROC/MIROC-ES2L/historical/r8i1p1f2/Amon/ua/gn saved to gs://cmip6/CMIP/MIROC/MIROC-ES2L/historical/r8i1p1f2/Amon/ua/gn
13/753: CMIP/MIROC/MIROC-ES2L/historical/r7i1p1f2/Amon/ua/gn saved to gs://cmip6/CMIP/MIROC/MIROC-ES2L/historical/r7i1p1f2/Amon/ua/gn
14/753: CMIP/MIROC/MIROC-ES2L/historical/r9i1p1f2/Amon/ua/gn saved to gs://cmip6/CMIP/MIROC/MIROC-ES2L/historical/r9i1p1f2/Amon/ua/gn
15/753: CMIP/MIROC/MIROC-ES2L/historical/r4i1p1f2/Amon/ua/gn saved to gs://cmip6/CMIP/MIROC/MIROC-ES2L/historical/r4i1p1f2/Amon/ua/gn
16/753: CMIP/MIROC/MIROC-ES2L/historical/r8i1p1f2/Amon/va/gn saved to gs://cmip6/CMIP/MIROC/MIROC-ES2L/historical/r8i1p1f2/Amon/va/gn
17/753: CMIP/MIROC/MIROC-ES2L/historical/r4i1p1f2/Amon/va/gn saved to gs://cmip6/CMIP/MIROC/MIROC-ES2L/historical/r4i1p1f2/Amon/va/gn
18/753: CMIP/MIROC/MIROC-ES2L/historical/r7i1p1f2/Amon/va/gn saved to gs://cmip6/CMIP/MIROC/MIROC-ES2L/historical/r7i1p1f2/Amon/va/gn
19/753: CMIP/MIROC/MIROC-ES2L/historical/r6i1p1f2/Amon/va/gn saved to gs://cmip6/CMIP/MIROC/MIROC-ES2L/historical/r6i1p1f2/Amon/va/gn
20/753: CMIP/MIROC/MIROC-ES2L/historical/r5i1p1f2/Amon/va/gn saved to gs://cmip6/CMIP/MIROC/MIROC-ES2L/historical/r5i1p1f2/Amon/va/gn
21/753: CMIP/MIROC/MIROC-ES2L/historical/r9i1p1f2/Amon/va/gn saved to gs://cmip6/CMIP/MIROC/MIROC-ES2L/historical/r9i1p1f2/Amon/va/gn
22/753: CMIP/CCCma/CanESM5/historical/r36i1p2f1/Amon/ta/gn saved to gs://cmip6/CMIP/CCCma/CanESM5/historical/r36i1p2f1/Amon/ta/gn
23/753: CMIP/CCCma/CanESM5/historical/r32i1p2f1/Amon/ta/gn saved to gs://cmip6/CMIP/CCCma/CanESM5/historical/r32i1p2f1/Amon/ta/gn
24/753: CMIP/CCCma/CanESM5/historical/r30i1p2f1/Amon/ta/gn saved to gs://cmip6/CMIP/CCCma/CanESM5/historical/r30i1p2f1/Amon/ta/gn
25/753: CMIP/CCCma/CanESM5/historical/r28i1p2f1/Amon/ta/gn saved to gs://cmip6/CMIP/CCCma/CanESM5/historical/r28i1p2f1/Amon/ta/gn
26/753: CMIP/CCCma/CanESM5/historical/r40i1p2f1/Amon/ta/gn saved to gs://cmip6/CMIP/CCCma/CanESM5/historical/r40i1p2f1/Amon/ta/gn
27/753: CMIP/CCCma/CanESM5/historical/r27i1p2f1/Amon/ta/gn saved to gs://cmip6/CMIP/CCCma/CanESM5/historical/r27i1p2f1/Amon/ta/gn
28/753: CMIP/CCCma/CanESM5/historical/r31i1p2f1/Amon/ta/gn saved to gs://cmip6/CMIP/CCCma/CanESM5/historical/r31i1p2f1/Amon/ta/gn
29/753: CMIP/CCCma/CanESM5/historical/r34i1p2f1/Amon/ta/gn saved to gs://cmip6/CMIP/CCCma/CanESM5/historical/r34i1p2f1/Amon/ta/gn
30/753: CMIP/CCCma/CanESM5/historical/r33i1p2f1/Amon/ta/gn saved to gs://cmip6/CMIP/CCCma/CanESM5/historical/r33i1p2f1/Amon/ta/gn
31/753: CMIP/CCCma/CanESM5/historical/r39i1p2f1/Amon/ta/gn saved to gs://cmip6/CMIP/CCCma/CanESM5/historical/r39i1p2f1/Amon/ta/gn
32/753: CMIP/CCCma/CanESM5/historical/r38i1p2f1/Amon/ta/gn saved to gs://cmip6/CMIP/CCCma/CanESM5/historical/r38i1p2f1/Amon/ta/gn
33/753: CMIP/CCCma/CanESM5/historical/r35i1p2f1/Amon/ta/gn saved to gs://cmip6/CMIP/CCCma/CanESM5/historical/r35i1p2f1/Amon/ta/gn
34/753: CMIP/CCCma/CanESM5/historical/r29i1p2f1/Amon/ta/gn saved to gs://cmip6/CMIP/CCCma/CanESM5/historical/r29i1p2f1/Amon/ta/gn
35/753: CMIP/CCCma/CanESM5/historical/r26i1p2f1/Amon/ta/gn saved to gs://cmip6/CMIP/CCCma/CanESM5/historical/r26i1p2f1/Amon/ta/gn
36/753: CMIP/CCCma/CanESM5/historical/r37i1p2f1/Amon/ta/gn saved to gs://cmip6/CMIP/CCCma/CanESM5/historical/r37i1p2f1/Amon/ta/gn
37/753: CMIP/NCAR/CESM2-WACCM-FV2/historical/r2i1p1f1/Amon/ua/gn saved to gs://cmip6/CMIP/NCAR/CESM2-WACCM-FV2/historical/r2i1p1f1/Amon/ua/gn
38/753: CMIP/NCAR/CESM2-FV2/historical/r2i1p1f1/Amon/ta/gn saved to gs://cmip6/CMIP/NCAR/CESM2-FV2/historical/r2i1p1f1/Amon/ta/gn
39/753: CMIP/NCAR/CESM2-FV2/historical/r3i1p1f1/Amon/ta/gn saved to gs://cmip6/CMIP/NCAR/CESM2-FV2/historical/r3i1p1f1/Amon/ta/gn
40/753: CMIP/NCAR/CESM2-WACCM-FV2/historical/r3i1p1f1/Amon/ta/gn saved to gs://cmip6/CMIP/NCAR/CESM2-WACCM-FV2/historical/r3i1p1f1/Amon/ta/gn
41/753: CMIP/NCC/NorESM2-LM/historical/r1i1p1f1/Amon/ta/gn saved to gs://cmip6/CMIP/NCC/NorESM2-LM/historical/r1i1p1f1/Amon/ta/gn
42/753: CMIP/NCAR/CESM2-WACCM-FV2/historical/r2i1p1f1/Amon/va/gn saved to gs://cmip6/CMIP/NCAR/CESM2-WACCM-FV2/historical/r2i1p1f1/Amon/va/gn
43/753: CMIP/CCCma/CanESM5/historical/r35i1p2f1/Amon/ua/gn saved to gs://cmip6/CMIP/CCCma/CanESM5/historical/r35i1p2f1/Amon/ua/gn
44/753: CMIP/CCCma/CanESM5/historical/r28i1p2f1/Amon/ua/gn saved to gs://cmip6/CMIP/CCCma/CanESM5/historical/r28i1p2f1/Amon/ua/gn
45/753: CMIP/CCCma/CanESM5/historical/r39i1p2f1/Amon/ua/gn saved to gs://cmip6/CMIP/CCCma/CanESM5/historical/r39i1p2f1/Amon/ua/gn
46/753: CMIP/CCCma/CanESM5/historical/r26i1p2f1/Amon/ua/gn saved to gs://cmip6/CMIP/CCCma/CanESM5/historical/r26i1p2f1/Amon/ua/gn
47/753: CMIP/CCCma/CanESM5/historical/r40i1p2f1/Amon/ua/gn saved to gs://cmip6/CMIP/CCCma/CanESM5/historical/r40i1p2f1/Amon/ua/gn
48/753: CMIP/CCCma/CanESM5/historical/r33i1p2f1/Amon/ua/gn saved to gs://cmip6/CMIP/CCCma/CanESM5/historical/r33i1p2f1/Amon/ua/gn
49/753: CMIP/CCCma/CanESM5/historical/r36i1p2f1/Amon/ua/gn saved to gs://cmip6/CMIP/CCCma/CanESM5/historical/r36i1p2f1/Amon/ua/gn
50/753: CMIP/CCCma/CanESM5/historical/r32i1p2f1/Amon/ua/gn saved to gs://cmip6/CMIP/CCCma/CanESM5/historical/r32i1p2f1/Amon/ua/gn
51/753: CMIP/CCCma/CanESM5/historical/r38i1p2f1/Amon/ua/gn saved to gs://cmip6/CMIP/CCCma/CanESM5/historical/r38i1p2f1/Amon/ua/gn
52/753: CMIP/CCCma/CanESM5/historical/r30i1p2f1/Amon/ua/gn saved to gs://cmip6/CMIP/CCCma/CanESM5/historical/r30i1p2f1/Amon/ua/gn
53/753: CMIP/CCCma/CanESM5/historical/r37i1p2f1/Amon/ua/gn saved to gs://cmip6/CMIP/CCCma/CanESM5/historical/r37i1p2f1/Amon/ua/gn
54/753: CMIP/CCCma/CanESM5/historical/r29i1p2f1/Amon/ua/gn saved to gs://cmip6/CMIP/CCCma/CanESM5/historical/r29i1p2f1/Amon/ua/gn
55/753: CMIP/CCCma/CanESM5/historical/r27i1p2f1/Amon/ua/gn saved to gs://cmip6/CMIP/CCCma/CanESM5/historical/r27i1p2f1/Amon/ua/gn
56/753: CMIP/CCCma/CanESM5/historical/r34i1p2f1/Amon/ua/gn saved to gs://cmip6/CMIP/CCCma/CanESM5/historical/r34i1p2f1/Amon/ua/gn
57/753: CMIP/CCCma/CanESM5/historical/r31i1p2f1/Amon/ua/gn saved to gs://cmip6/CMIP/CCCma/CanESM5/historical/r31i1p2f1/Amon/ua/gn
58/753: CMIP/CCCma/CanESM5/historical/r36i1p2f1/Amon/va/gn saved to gs://cmip6/CMIP/CCCma/CanESM5/historical/r36i1p2f1/Amon/va/gn
59/753: CMIP/CCCma/CanESM5/historical/r31i1p2f1/Amon/va/gn saved to gs://cmip6/CMIP/CCCma/CanESM5/historical/r31i1p2f1/Amon/va/gn
60/753: CMIP/CCCma/CanESM5/historical/r30i1p2f1/Amon/va/gn saved to gs://cmip6/CMIP/CCCma/CanESM5/historical/r30i1p2f1/Amon/va/gn
61/753: CMIP/CCCma/CanESM5/historical/r39i1p2f1/Amon/va/gn saved to gs://cmip6/CMIP/CCCma/CanESM5/historical/r39i1p2f1/Amon/va/gn
62/753: CMIP/CCCma/CanESM5/historical/r32i1p2f1/Amon/va/gn saved to gs://cmip6/CMIP/CCCma/CanESM5/historical/r32i1p2f1/Amon/va/gn
63/753: CMIP/CCCma/CanESM5/historical/r28i1p2f1/Amon/va/gn saved to gs://cmip6/CMIP/CCCma/CanESM5/historical/r28i1p2f1/Amon/va/gn
64/753: CMIP/CCCma/CanESM5/historical/r27i1p2f1/Amon/va/gn saved to gs://cmip6/CMIP/CCCma/CanESM5/historical/r27i1p2f1/Amon/va/gn
